/home/taejoo/dsl_lab/Hi-Patch_taejoo/Hi-Patch/train_forecasting.py
2025-08-29 19:46:02
train_forecasting.py --dataset activity --state def --history 3000 --patience 10 --batch_size 32 --lr 1e-3 --patch_size 750 --stride 750 --nhead 1 --nlayer 3 --hid_dim 64 --seed 4 --gpu 0 --alpha 1
Namespace(state='def', n=100000000, epoch=1000, patience=10, history=3000, pred_window=1000, logmode='a', lr=0.001, w_decay=0.0, batch_size=32, load=None, seed=4, dataset='activity', quantization=0.0, model='Hi-Patch', nhead=1, nlayer=3, patch_size=750.0, stride=750.0, hid_dim=64, alpha=1.0, res=1, gpu='0', npatch=4, device=device(type='cuda', index=0), PID=1032401, ndim=12, patch_layer=3, scale_patch_size=0.1875, task='forecasting')
- Epoch 000, ExpID 29211
Train - Loss (one batch): 0.00360
Val - Loss, MSE, RMSE, MAE, MAPE: 0.00494, 0.00494, 0.07027, 0.04933, 12.87%
Test - Best epoch, Loss, MSE, RMSE, MAE, MAPE: 0, 0.00473, 0.00473, 0.06875, 0.04838, 11.51%
Time spent: 43.25s
- Epoch 001, ExpID 29211
Train - Loss (one batch): 0.00377
Val - Loss, MSE, RMSE, MAE, MAPE: 0.00321, 0.00321, 0.05662, 0.03531, 9.11%
Test - Best epoch, Loss, MSE, RMSE, MAE, MAPE: 1, 0.00302, 0.00302, 0.05497, 0.03471, 8.02%
Time spent: 43.05s
- Epoch 002, ExpID 29211
Train - Loss (one batch): 0.00219
Val - Loss, MSE, RMSE, MAE, MAPE: 0.00315, 0.00315, 0.05613, 0.03512, 8.82%
Test - Best epoch, Loss, MSE, RMSE, MAE, MAPE: 2, 0.00297, 0.00297, 0.05452, 0.03455, 7.81%
Time spent: 43.06s
- Epoch 003, ExpID 29211
Train - Loss (one batch): 0.00308
Val - Loss, MSE, RMSE, MAE, MAPE: 0.00305, 0.00305, 0.05526, 0.03387, 8.79%
Test - Best epoch, Loss, MSE, RMSE, MAE, MAPE: 3, 0.00287, 0.00287, 0.05360, 0.03331, 7.74%
Time spent: 43.21s
- Epoch 004, ExpID 29211
Train - Loss (one batch): 0.00243
Val - Loss, MSE, RMSE, MAE, MAPE: 0.00306, 0.00306, 0.05533, 0.03352, 8.59%
Test - Best epoch, Loss, MSE, RMSE, MAE, MAPE: 3, 0.00287, 0.00287, 0.05360, 0.03331, 7.74%
Time spent: 36.40s
- Epoch 005, ExpID 29211
Train - Loss (one batch): 0.00317
Val - Loss, MSE, RMSE, MAE, MAPE: 0.00308, 0.00308, 0.05546, 0.03437, 8.96%
Test - Best epoch, Loss, MSE, RMSE, MAE, MAPE: 3, 0.00287, 0.00287, 0.05360, 0.03331, 7.74%
Time spent: 36.39s
- Epoch 006, ExpID 29211
Train - Loss (one batch): 0.00156
Val - Loss, MSE, RMSE, MAE, MAPE: 0.00299, 0.00299, 0.05469, 0.03331, 8.70%
Test - Best epoch, Loss, MSE, RMSE, MAE, MAPE: 6, 0.00282, 0.00282, 0.05311, 0.03300, 7.70%
Time spent: 42.76s
- Epoch 007, ExpID 29211
Train - Loss (one batch): 0.00229
Val - Loss, MSE, RMSE, MAE, MAPE: 0.00301, 0.00301, 0.05483, 0.03362, 8.63%
Test - Best epoch, Loss, MSE, RMSE, MAE, MAPE: 6, 0.00282, 0.00282, 0.05311, 0.03300, 7.70%
Time spent: 36.39s
- Epoch 008, ExpID 29211
Train - Loss (one batch): 0.00445
Val - Loss, MSE, RMSE, MAE, MAPE: 0.00298, 0.00298, 0.05455, 0.03366, 8.64%
Test - Best epoch, Loss, MSE, RMSE, MAE, MAPE: 8, 0.00282, 0.00282, 0.05309, 0.03329, 7.63%
Time spent: 42.76s
- Epoch 009, ExpID 29211
Train - Loss (one batch): 0.00293
Val - Loss, MSE, RMSE, MAE, MAPE: 0.00304, 0.00304, 0.05513, 0.03449, 8.57%
Test - Best epoch, Loss, MSE, RMSE, MAE, MAPE: 8, 0.00282, 0.00282, 0.05309, 0.03329, 7.63%
Time spent: 36.38s
- Epoch 010, ExpID 29211
Train - Loss (one batch): 0.00377
Val - Loss, MSE, RMSE, MAE, MAPE: 0.00313, 0.00313, 0.05590, 0.03652, 9.72%
Test - Best epoch, Loss, MSE, RMSE, MAE, MAPE: 8, 0.00282, 0.00282, 0.05309, 0.03329, 7.63%
Time spent: 36.39s
- Epoch 011, ExpID 29211
Train - Loss (one batch): 0.00201
Val - Loss, MSE, RMSE, MAE, MAPE: 0.00292, 0.00292, 0.05400, 0.03368, 8.45%
Test - Best epoch, Loss, MSE, RMSE, MAE, MAPE: 11, 0.00278, 0.00278, 0.05276, 0.03340, 7.53%
Time spent: 42.77s
- Epoch 012, ExpID 29211
Train - Loss (one batch): 0.00306
Val - Loss, MSE, RMSE, MAE, MAPE: 0.00296, 0.00296, 0.05443, 0.03440, 8.70%
Test - Best epoch, Loss, MSE, RMSE, MAE, MAPE: 11, 0.00278, 0.00278, 0.05276, 0.03340, 7.53%
Time spent: 36.39s
- Epoch 013, ExpID 29211
Train - Loss (one batch): 0.00240
Val - Loss, MSE, RMSE, MAE, MAPE: 0.00288, 0.00288, 0.05364, 0.03333, 8.57%
Test - Best epoch, Loss, MSE, RMSE, MAE, MAPE: 13, 0.00275, 0.00275, 0.05244, 0.03292, 7.62%
Time spent: 42.77s
- Epoch 014, ExpID 29211
Train - Loss (one batch): 0.00236
Val - Loss, MSE, RMSE, MAE, MAPE: 0.00310, 0.00310, 0.05564, 0.03641, 9.61%
Test - Best epoch, Loss, MSE, RMSE, MAE, MAPE: 13, 0.00275, 0.00275, 0.05244, 0.03292, 7.62%
Time spent: 36.40s
- Epoch 015, ExpID 29211
Train - Loss (one batch): 0.00183
Val - Loss, MSE, RMSE, MAE, MAPE: 0.00293, 0.00293, 0.05417, 0.03415, 8.45%
Test - Best epoch, Loss, MSE, RMSE, MAE, MAPE: 13, 0.00275, 0.00275, 0.05244, 0.03292, 7.62%
Time spent: 36.40s
- Epoch 016, ExpID 29211
Train - Loss (one batch): 0.00203
Val - Loss, MSE, RMSE, MAE, MAPE: 0.00295, 0.00295, 0.05431, 0.03476, 8.56%
Test - Best epoch, Loss, MSE, RMSE, MAE, MAPE: 13, 0.00275, 0.00275, 0.05244, 0.03292, 7.62%
Time spent: 36.39s
- Epoch 017, ExpID 29211
Train - Loss (one batch): 0.00176
Val - Loss, MSE, RMSE, MAE, MAPE: 0.00287, 0.00287, 0.05362, 0.03353, 8.31%
Test - Best epoch, Loss, MSE, RMSE, MAE, MAPE: 17, 0.00276, 0.00276, 0.05253, 0.03320, 7.45%
Time spent: 42.78s
- Epoch 018, ExpID 29211
Train - Loss (one batch): 0.00312
Val - Loss, MSE, RMSE, MAE, MAPE: 0.00284, 0.00284, 0.05326, 0.03362, 8.85%
Test - Best epoch, Loss, MSE, RMSE, MAE, MAPE: 18, 0.00274, 0.00274, 0.05237, 0.03326, 7.90%
Time spent: 42.77s
- Epoch 019, ExpID 29211
Train - Loss (one batch): 0.00265
Val - Loss, MSE, RMSE, MAE, MAPE: 0.00289, 0.00289, 0.05371, 0.03412, 8.47%
Test - Best epoch, Loss, MSE, RMSE, MAE, MAPE: 18, 0.00274, 0.00274, 0.05237, 0.03326, 7.90%
Time spent: 36.41s
- Epoch 020, ExpID 29211
Train - Loss (one batch): 0.00250
Val - Loss, MSE, RMSE, MAE, MAPE: 0.00285, 0.00285, 0.05340, 0.03357, 8.33%
Test - Best epoch, Loss, MSE, RMSE, MAE, MAPE: 18, 0.00274, 0.00274, 0.05237, 0.03326, 7.90%
Time spent: 36.40s
- Epoch 021, ExpID 29211
Train - Loss (one batch): 0.00153
Val - Loss, MSE, RMSE, MAE, MAPE: 0.00279, 0.00279, 0.05285, 0.03310, 8.28%
Test - Best epoch, Loss, MSE, RMSE, MAE, MAPE: 21, 0.00271, 0.00271, 0.05205, 0.03298, 7.47%
Time spent: 42.77s
- Epoch 022, ExpID 29211
Train - Loss (one batch): 0.00323
Val - Loss, MSE, RMSE, MAE, MAPE: 0.00289, 0.00289, 0.05375, 0.03464, 9.00%
Test - Best epoch, Loss, MSE, RMSE, MAE, MAPE: 21, 0.00271, 0.00271, 0.05205, 0.03298, 7.47%
Time spent: 36.41s
- Epoch 023, ExpID 29211
Train - Loss (one batch): 0.00249
Val - Loss, MSE, RMSE, MAE, MAPE: 0.00272, 0.00272, 0.05213, 0.03195, 8.19%
Test - Best epoch, Loss, MSE, RMSE, MAE, MAPE: 23, 0.00265, 0.00265, 0.05147, 0.03200, 7.40%
Time spent: 42.78s
- Epoch 024, ExpID 29211
Train - Loss (one batch): 0.00246
Val - Loss, MSE, RMSE, MAE, MAPE: 0.00281, 0.00281, 0.05296, 0.03332, 8.80%
Test - Best epoch, Loss, MSE, RMSE, MAE, MAPE: 23, 0.00265, 0.00265, 0.05147, 0.03200, 7.40%
Time spent: 36.40s
- Epoch 025, ExpID 29211
Train - Loss (one batch): 0.00227
Val - Loss, MSE, RMSE, MAE, MAPE: 0.00270, 0.00270, 0.05199, 0.03172, 8.06%
Test - Best epoch, Loss, MSE, RMSE, MAE, MAPE: 25, 0.00263, 0.00263, 0.05126, 0.03168, 7.25%
Time spent: 42.78s
- Epoch 026, ExpID 29211
Train - Loss (one batch): 0.00256
Val - Loss, MSE, RMSE, MAE, MAPE: 0.00282, 0.00282, 0.05309, 0.03386, 8.65%
Test - Best epoch, Loss, MSE, RMSE, MAE, MAPE: 25, 0.00263, 0.00263, 0.05126, 0.03168, 7.25%
Time spent: 36.43s
- Epoch 027, ExpID 29211
Train - Loss (one batch): 0.00211
Val - Loss, MSE, RMSE, MAE, MAPE: 0.00276, 0.00276, 0.05253, 0.03267, 8.22%
Test - Best epoch, Loss, MSE, RMSE, MAE, MAPE: 25, 0.00263, 0.00263, 0.05126, 0.03168, 7.25%
Time spent: 36.40s
- Epoch 028, ExpID 29211
Train - Loss (one batch): 0.00233
Val - Loss, MSE, RMSE, MAE, MAPE: 0.00284, 0.00284, 0.05333, 0.03420, 8.87%
Test - Best epoch, Loss, MSE, RMSE, MAE, MAPE: 25, 0.00263, 0.00263, 0.05126, 0.03168, 7.25%
Time spent: 36.42s
- Epoch 029, ExpID 29211
Train - Loss (one batch): 0.00191
Val - Loss, MSE, RMSE, MAE, MAPE: 0.00272, 0.00272, 0.05220, 0.03239, 8.47%
Test - Best epoch, Loss, MSE, RMSE, MAE, MAPE: 25, 0.00263, 0.00263, 0.05126, 0.03168, 7.25%
Time spent: 36.42s
- Epoch 030, ExpID 29211
Train - Loss (one batch): 0.00310
Val - Loss, MSE, RMSE, MAE, MAPE: 0.00279, 0.00279, 0.05280, 0.03358, 8.79%
Test - Best epoch, Loss, MSE, RMSE, MAE, MAPE: 25, 0.00263, 0.00263, 0.05126, 0.03168, 7.25%
Time spent: 36.43s
- Epoch 031, ExpID 29211
Train - Loss (one batch): 0.00194
Val - Loss, MSE, RMSE, MAE, MAPE: 0.00272, 0.00272, 0.05214, 0.03215, 8.24%
Test - Best epoch, Loss, MSE, RMSE, MAE, MAPE: 25, 0.00263, 0.00263, 0.05126, 0.03168, 7.25%
Time spent: 36.41s
- Epoch 032, ExpID 29211
Train - Loss (one batch): 0.00185
Val - Loss, MSE, RMSE, MAE, MAPE: 0.00272, 0.00272, 0.05220, 0.03268, 8.44%
Test - Best epoch, Loss, MSE, RMSE, MAE, MAPE: 25, 0.00263, 0.00263, 0.05126, 0.03168, 7.25%
Time spent: 36.41s
- Epoch 033, ExpID 29211
Train - Loss (one batch): 0.00199
Val - Loss, MSE, RMSE, MAE, MAPE: 0.00268, 0.00268, 0.05180, 0.03143, 8.09%
Test - Best epoch, Loss, MSE, RMSE, MAE, MAPE: 33, 0.00259, 0.00259, 0.05093, 0.03157, 7.31%
Time spent: 42.79s
- Epoch 034, ExpID 29211
Train - Loss (one batch): 0.00240
Val - Loss, MSE, RMSE, MAE, MAPE: 0.00272, 0.00272, 0.05218, 0.03260, 8.44%
Test - Best epoch, Loss, MSE, RMSE, MAE, MAPE: 33, 0.00259, 0.00259, 0.05093, 0.03157, 7.31%
Time spent: 36.41s
- Epoch 035, ExpID 29211
Train - Loss (one batch): 0.00318
Val - Loss, MSE, RMSE, MAE, MAPE: 0.00268, 0.00268, 0.05180, 0.03199, 8.17%
Test - Best epoch, Loss, MSE, RMSE, MAE, MAPE: 33, 0.00259, 0.00259, 0.05093, 0.03157, 7.31%
Time spent: 36.40s
- Epoch 036, ExpID 29211
Train - Loss (one batch): 0.00199
Val - Loss, MSE, RMSE, MAE, MAPE: 0.00280, 0.00280, 0.05292, 0.03347, 8.65%
Test - Best epoch, Loss, MSE, RMSE, MAE, MAPE: 33, 0.00259, 0.00259, 0.05093, 0.03157, 7.31%
Time spent: 36.42s
- Epoch 037, ExpID 29211
Train - Loss (one batch): 0.00180
Val - Loss, MSE, RMSE, MAE, MAPE: 0.00269, 0.00269, 0.05189, 0.03214, 8.28%
Test - Best epoch, Loss, MSE, RMSE, MAE, MAPE: 33, 0.00259, 0.00259, 0.05093, 0.03157, 7.31%
Time spent: 36.42s
- Epoch 038, ExpID 29211
Train - Loss (one batch): 0.00153
Val - Loss, MSE, RMSE, MAE, MAPE: 0.00271, 0.00271, 0.05202, 0.03192, 8.08%
Test - Best epoch, Loss, MSE, RMSE, MAE, MAPE: 33, 0.00259, 0.00259, 0.05093, 0.03157, 7.31%
Time spent: 36.42s
- Epoch 039, ExpID 29211
Train - Loss (one batch): 0.00221
Val - Loss, MSE, RMSE, MAE, MAPE: 0.00277, 0.00277, 0.05260, 0.03288, 8.16%
Test - Best epoch, Loss, MSE, RMSE, MAE, MAPE: 33, 0.00259, 0.00259, 0.05093, 0.03157, 7.31%
Time spent: 36.41s
- Epoch 040, ExpID 29211
Train - Loss (one batch): 0.00220
Val - Loss, MSE, RMSE, MAE, MAPE: 0.00268, 0.00268, 0.05176, 0.03165, 7.99%
Test - Best epoch, Loss, MSE, RMSE, MAE, MAPE: 40, 0.00260, 0.00260, 0.05096, 0.03143, 7.16%
Time spent: 42.79s
- Epoch 041, ExpID 29211
Train - Loss (one batch): 0.00222
Val - Loss, MSE, RMSE, MAE, MAPE: 0.00267, 0.00267, 0.05165, 0.03155, 8.03%
Test - Best epoch, Loss, MSE, RMSE, MAE, MAPE: 41, 0.00257, 0.00257, 0.05069, 0.03150, 7.21%
Time spent: 42.80s
- Epoch 042, ExpID 29211
Train - Loss (one batch): 0.00239
Val - Loss, MSE, RMSE, MAE, MAPE: 0.00266, 0.00266, 0.05159, 0.03169, 8.12%
Test - Best epoch, Loss, MSE, RMSE, MAE, MAPE: 42, 0.00259, 0.00259, 0.05086, 0.03157, 7.31%
Time spent: 42.79s
- Epoch 043, ExpID 29211
Train - Loss (one batch): 0.00216
Val - Loss, MSE, RMSE, MAE, MAPE: 0.00269, 0.00269, 0.05187, 0.03215, 8.26%
Test - Best epoch, Loss, MSE, RMSE, MAE, MAPE: 42, 0.00259, 0.00259, 0.05086, 0.03157, 7.31%
Time spent: 36.42s
- Epoch 044, ExpID 29211
Train - Loss (one batch): 0.00231
Val - Loss, MSE, RMSE, MAE, MAPE: 0.00267, 0.00267, 0.05172, 0.03190, 8.06%
Test - Best epoch, Loss, MSE, RMSE, MAE, MAPE: 42, 0.00259, 0.00259, 0.05086, 0.03157, 7.31%
Time spent: 36.42s
- Epoch 045, ExpID 29211
Train - Loss (one batch): 0.00215
Val - Loss, MSE, RMSE, MAE, MAPE: 0.00272, 0.00272, 0.05212, 0.03248, 8.10%
Test - Best epoch, Loss, MSE, RMSE, MAE, MAPE: 42, 0.00259, 0.00259, 0.05086, 0.03157, 7.31%
Time spent: 36.41s
- Epoch 046, ExpID 29211
Train - Loss (one batch): 0.00160
Val - Loss, MSE, RMSE, MAE, MAPE: 0.00264, 0.00264, 0.05135, 0.03150, 7.96%
Test - Best epoch, Loss, MSE, RMSE, MAE, MAPE: 46, 0.00258, 0.00258, 0.05079, 0.03158, 7.23%
Time spent: 42.81s
- Epoch 047, ExpID 29211
Train - Loss (one batch): 0.00300
Val - Loss, MSE, RMSE, MAE, MAPE: 0.00268, 0.00268, 0.05172, 0.03183, 8.15%
Test - Best epoch, Loss, MSE, RMSE, MAE, MAPE: 46, 0.00258, 0.00258, 0.05079, 0.03158, 7.23%
Time spent: 36.43s
- Epoch 048, ExpID 29211
Train - Loss (one batch): 0.00577
Val - Loss, MSE, RMSE, MAE, MAPE: 0.00270, 0.00270, 0.05197, 0.03218, 8.27%
Test - Best epoch, Loss, MSE, RMSE, MAE, MAPE: 46, 0.00258, 0.00258, 0.05079, 0.03158, 7.23%
Time spent: 36.42s
- Epoch 049, ExpID 29211
Train - Loss (one batch): 0.00257
Val - Loss, MSE, RMSE, MAE, MAPE: 0.00274, 0.00274, 0.05230, 0.03294, 8.59%
Test - Best epoch, Loss, MSE, RMSE, MAE, MAPE: 46, 0.00258, 0.00258, 0.05079, 0.03158, 7.23%
Time spent: 36.42s
- Epoch 050, ExpID 29211
Train - Loss (one batch): 0.00266
Val - Loss, MSE, RMSE, MAE, MAPE: 0.00265, 0.00265, 0.05147, 0.03156, 8.08%
Test - Best epoch, Loss, MSE, RMSE, MAE, MAPE: 46, 0.00258, 0.00258, 0.05079, 0.03158, 7.23%
Time spent: 36.40s
- Epoch 051, ExpID 29211
Train - Loss (one batch): 0.00274
Val - Loss, MSE, RMSE, MAE, MAPE: 0.00263, 0.00263, 0.05131, 0.03125, 8.01%
Test - Best epoch, Loss, MSE, RMSE, MAE, MAPE: 51, 0.00258, 0.00258, 0.05077, 0.03147, 7.29%
Time spent: 42.80s
- Epoch 052, ExpID 29211
Train - Loss (one batch): 0.00242
Val - Loss, MSE, RMSE, MAE, MAPE: 0.00267, 0.00267, 0.05170, 0.03175, 7.98%
Test - Best epoch, Loss, MSE, RMSE, MAE, MAPE: 51, 0.00258, 0.00258, 0.05077, 0.03147, 7.29%
Time spent: 36.41s
- Epoch 053, ExpID 29211
Train - Loss (one batch): 0.00294
Val - Loss, MSE, RMSE, MAE, MAPE: 0.00271, 0.00271, 0.05202, 0.03213, 8.06%
Test - Best epoch, Loss, MSE, RMSE, MAE, MAPE: 51, 0.00258, 0.00258, 0.05077, 0.03147, 7.29%
Time spent: 36.42s
- Epoch 054, ExpID 29211
Train - Loss (one batch): 0.00162
Val - Loss, MSE, RMSE, MAE, MAPE: 0.00265, 0.00265, 0.05149, 0.03173, 8.18%
Test - Best epoch, Loss, MSE, RMSE, MAE, MAPE: 51, 0.00258, 0.00258, 0.05077, 0.03147, 7.29%
Time spent: 36.41s
- Epoch 055, ExpID 29211
Train - Loss (one batch): 0.00231
Val - Loss, MSE, RMSE, MAE, MAPE: 0.00267, 0.00267, 0.05166, 0.03219, 8.33%
Test - Best epoch, Loss, MSE, RMSE, MAE, MAPE: 51, 0.00258, 0.00258, 0.05077, 0.03147, 7.29%
Time spent: 36.42s
- Epoch 056, ExpID 29211
Train - Loss (one batch): 0.00165
Val - Loss, MSE, RMSE, MAE, MAPE: 0.00275, 0.00275, 0.05240, 0.03218, 7.97%
Test - Best epoch, Loss, MSE, RMSE, MAE, MAPE: 51, 0.00258, 0.00258, 0.05077, 0.03147, 7.29%
Time spent: 36.41s
- Epoch 057, ExpID 29211
Train - Loss (one batch): 0.00354
Val - Loss, MSE, RMSE, MAE, MAPE: 0.00263, 0.00263, 0.05132, 0.03120, 7.98%
Test - Best epoch, Loss, MSE, RMSE, MAE, MAPE: 51, 0.00258, 0.00258, 0.05077, 0.03147, 7.29%
Time spent: 36.42s
- Epoch 058, ExpID 29211
Train - Loss (one batch): 0.00196
Val - Loss, MSE, RMSE, MAE, MAPE: 0.00269, 0.00269, 0.05183, 0.03220, 8.06%
Test - Best epoch, Loss, MSE, RMSE, MAE, MAPE: 51, 0.00258, 0.00258, 0.05077, 0.03147, 7.29%
Time spent: 36.40s
- Epoch 059, ExpID 29211
Train - Loss (one batch): 0.00256
Val - Loss, MSE, RMSE, MAE, MAPE: 0.00263, 0.00263, 0.05130, 0.03119, 7.96%
Test - Best epoch, Loss, MSE, RMSE, MAE, MAPE: 59, 0.00258, 0.00258, 0.05081, 0.03116, 7.20%
Time spent: 42.78s
- Epoch 060, ExpID 29211
Train - Loss (one batch): 0.00158
Val - Loss, MSE, RMSE, MAE, MAPE: 0.00268, 0.00268, 0.05175, 0.03173, 7.97%
Test - Best epoch, Loss, MSE, RMSE, MAE, MAPE: 59, 0.00258, 0.00258, 0.05081, 0.03116, 7.20%
Time spent: 36.41s
- Epoch 061, ExpID 29211
Train - Loss (one batch): 0.00229
Val - Loss, MSE, RMSE, MAE, MAPE: 0.00262, 0.00262, 0.05115, 0.03112, 7.99%
Test - Best epoch, Loss, MSE, RMSE, MAE, MAPE: 61, 0.00255, 0.00255, 0.05053, 0.03128, 7.24%
Time spent: 42.78s
- Epoch 062, ExpID 29211
Train - Loss (one batch): 0.00279
Val - Loss, MSE, RMSE, MAE, MAPE: 0.00272, 0.00272, 0.05217, 0.03223, 8.25%
Test - Best epoch, Loss, MSE, RMSE, MAE, MAPE: 61, 0.00255, 0.00255, 0.05053, 0.03128, 7.24%
Time spent: 36.42s
- Epoch 063, ExpID 29211
Train - Loss (one batch): 0.00314
Val - Loss, MSE, RMSE, MAE, MAPE: 0.00282, 0.00282, 0.05306, 0.03408, 8.87%
Test - Best epoch, Loss, MSE, RMSE, MAE, MAPE: 61, 0.00255, 0.00255, 0.05053, 0.03128, 7.24%
Time spent: 36.42s
- Epoch 064, ExpID 29211
Train - Loss (one batch): 0.00250
Val - Loss, MSE, RMSE, MAE, MAPE: 0.00269, 0.00269, 0.05190, 0.03232, 8.28%
Test - Best epoch, Loss, MSE, RMSE, MAE, MAPE: 61, 0.00255, 0.00255, 0.05053, 0.03128, 7.24%
Time spent: 36.41s
- Epoch 065, ExpID 29211
Train - Loss (one batch): 0.00180
Val - Loss, MSE, RMSE, MAE, MAPE: 0.00269, 0.00269, 0.05189, 0.03190, 8.02%
Test - Best epoch, Loss, MSE, RMSE, MAE, MAPE: 61, 0.00255, 0.00255, 0.05053, 0.03128, 7.24%
Time spent: 36.41s
- Epoch 066, ExpID 29211
Train - Loss (one batch): 0.00213
Val - Loss, MSE, RMSE, MAE, MAPE: 0.00266, 0.00266, 0.05162, 0.03161, 8.07%
Test - Best epoch, Loss, MSE, RMSE, MAE, MAPE: 61, 0.00255, 0.00255, 0.05053, 0.03128, 7.24%
Time spent: 36.41s
- Epoch 067, ExpID 29211
Train - Loss (one batch): 0.00224
Val - Loss, MSE, RMSE, MAE, MAPE: 0.00276, 0.00276, 0.05250, 0.03264, 8.12%
Test - Best epoch, Loss, MSE, RMSE, MAE, MAPE: 61, 0.00255, 0.00255, 0.05053, 0.03128, 7.24%
Time spent: 36.41s
- Epoch 068, ExpID 29211
Train - Loss (one batch): 0.00283
Val - Loss, MSE, RMSE, MAE, MAPE: 0.00268, 0.00268, 0.05174, 0.03170, 8.15%
Test - Best epoch, Loss, MSE, RMSE, MAE, MAPE: 61, 0.00255, 0.00255, 0.05053, 0.03128, 7.24%
Time spent: 36.41s
- Epoch 069, ExpID 29211
Train - Loss (one batch): 0.00236
Val - Loss, MSE, RMSE, MAE, MAPE: 0.00269, 0.00269, 0.05190, 0.03172, 8.06%
Test - Best epoch, Loss, MSE, RMSE, MAE, MAPE: 61, 0.00255, 0.00255, 0.05053, 0.03128, 7.24%
Time spent: 36.41s
- Epoch 070, ExpID 29211
Train - Loss (one batch): 0.00155
Val - Loss, MSE, RMSE, MAE, MAPE: 0.00266, 0.00266, 0.05156, 0.03134, 8.01%
Test - Best epoch, Loss, MSE, RMSE, MAE, MAPE: 61, 0.00255, 0.00255, 0.05053, 0.03128, 7.24%
Time spent: 36.40s
- Epoch 071, ExpID 29211
Train - Loss (one batch): 0.00162
Val - Loss, MSE, RMSE, MAE, MAPE: 0.00274, 0.00274, 0.05236, 0.03233, 8.02%
Test - Best epoch, Loss, MSE, RMSE, MAE, MAPE: 61, 0.00255, 0.00255, 0.05053, 0.03128, 7.24%
Time spent: 36.41s
Avg Train Time per epoch: 30.47s
Avg Inference Time per epoch: 0.17981s
Avg Peak GPU Mem (Train): 5368.0 MB
Peak GPU Mem (Inference): 3398.7 MB
