PID, device: 1019148 cuda:0
Total records: 12000
Dataset n_samples: 12000 7200 2400 2400
Test record ids (first 20): ['135658', '143565', '132686', '153336', '136234', '161259', '144334', '155826', '132965', '145771', '135230', '142282', '132811', '138581', '145324', '156677', '138893', '149970', '138857', '142583']
Test record ids (last 20): ['143105', '137445', '146306', '144014', '138615', '142832', '139966', '153126', '152621', '160873', '146193', '139516', '146984', '143920', '145567', '137594', '162180', '144612', '136132', '143447']
data_max: tensor([9.0000e+01, 1.0000e+00, 4.6230e+02, 4.0000e+00, 4.7200e+02, 5.3000e+00,
        4.6950e+03, 1.6780e+04, 3.6400e+04, 6.2100e+01, 2.0900e+02, 3.6200e+02,
        2.2000e+01, 2.7200e+02, 1.0000e+00, 1.5000e+01, 1.5910e+03, 5.2000e+01,
        5.8000e+01, 3.0000e+02, 2.2900e+01, 3.1000e+01, 3.7500e+01, 2.9900e+02,
        1.0000e+00, 1.8000e+02, 2.1100e+02, 2.2800e+02, 3.0000e+02, 1.0000e+02,
        5.0000e+02, 7.3500e+02, 2.2920e+03, 1.0000e+02, 1.0000e+02, 2.9500e+02,
        4.2200e+01, 4.9600e+01, 2.4910e+01, 1.1000e+04, 6.2519e+03],
       device='cuda:0')
data_min: tensor([ 1.5000e+01, -1.0000e+00, -1.0000e+00,  1.0000e+00, -1.0000e+00,
         1.0000e+00,  1.3000e+01,  1.0000e+00,  4.0000e+00,  0.0000e+00,
         0.0000e+00,  2.8000e+01,  1.0000e-01, -1.0000e+00,  2.1000e-01,
         3.0000e+00,  8.0000e+00,  5.0000e+00,  5.5000e+00,  0.0000e+00,
         1.5000e+00,  0.0000e+00,  0.0000e+00,  0.0000e+00,  1.0000e+00,
         9.8000e+01, -1.0000e+00,  0.0000e+00,  0.0000e+00,  0.0000e+00,
         0.0000e+00,  0.0000e+00,  5.0000e+00,  0.0000e+00,  0.0000e+00,
         0.0000e+00, -1.7800e+01,  3.0000e-01,  1.0000e-02,  0.0000e+00,
         0.0000e+00], device='cuda:0')
time_max: tensor(48., device='cuda:0')
model Hi_Patch(
  (gcs): ModuleList(
    (0): Intra_Inter_Patch_Graph_Layer
  )
  (te_scale): Linear(in_features=1, out_features=1, bias=True)
  (te_periodic): Linear(in_features=1, out_features=63, bias=True)
  (obs_enc): Linear(in_features=1, out_features=64, bias=True)
  (nodevec): Embedding(41, 64)
  (relu): ReLU()
  (decoder): Sequential(
    (0): Linear(in_features=128, out_features=64, bias=True)
    (1): ReLU(inplace=True)
    (2): Linear(in_features=64, out_features=64, bias=True)
    (3): ReLU(inplace=True)
    (4): Linear(in_features=64, out_features=1, bias=True)
  )
)
parameters: 140097
n_train_batches: 225
Exp has been early stopped!
PID, device: 1019589 cuda:0
Total records: 12000
Dataset n_samples: 12000 7200 2400 2400
Test record ids (first 20): ['135658', '143565', '132686', '153336', '136234', '161259', '144334', '155826', '132965', '145771', '135230', '142282', '132811', '138581', '145324', '156677', '138893', '149970', '138857', '142583']
Test record ids (last 20): ['143105', '137445', '146306', '144014', '138615', '142832', '139966', '153126', '152621', '160873', '146193', '139516', '146984', '143920', '145567', '137594', '162180', '144612', '136132', '143447']
data_max: tensor([9.0000e+01, 1.0000e+00, 4.6230e+02, 4.0000e+00, 4.7200e+02, 5.3000e+00,
        4.6950e+03, 1.6780e+04, 3.6400e+04, 6.2100e+01, 2.0900e+02, 3.6200e+02,
        2.2000e+01, 2.7200e+02, 1.0000e+00, 1.5000e+01, 1.5910e+03, 5.2000e+01,
        5.8000e+01, 3.0000e+02, 2.2900e+01, 3.1000e+01, 3.7500e+01, 2.9900e+02,
        1.0000e+00, 1.8000e+02, 2.1100e+02, 2.2800e+02, 3.0000e+02, 1.0000e+02,
        5.0000e+02, 7.3500e+02, 2.2920e+03, 1.0000e+02, 1.0000e+02, 2.9500e+02,
        4.2200e+01, 4.9600e+01, 2.4910e+01, 1.1000e+04, 6.2519e+03],
       device='cuda:0')
data_min: tensor([ 1.5000e+01, -1.0000e+00, -1.0000e+00,  1.0000e+00, -1.0000e+00,
         1.0000e+00,  1.3000e+01,  1.0000e+00,  4.0000e+00,  0.0000e+00,
         0.0000e+00,  2.8000e+01,  1.0000e-01, -1.0000e+00,  2.1000e-01,
         3.0000e+00,  8.0000e+00,  5.0000e+00,  5.5000e+00,  0.0000e+00,
         1.5000e+00,  0.0000e+00,  0.0000e+00,  0.0000e+00,  1.0000e+00,
         9.8000e+01, -1.0000e+00,  0.0000e+00,  0.0000e+00,  0.0000e+00,
         0.0000e+00,  0.0000e+00,  5.0000e+00,  0.0000e+00,  0.0000e+00,
         0.0000e+00, -1.7800e+01,  3.0000e-01,  1.0000e-02,  0.0000e+00,
         0.0000e+00], device='cuda:0')
time_max: tensor(48., device='cuda:0')
model Hi_Patch(
  (gcs): ModuleList(
    (0): Intra_Inter_Patch_Graph_Layer
  )
  (te_scale): Linear(in_features=1, out_features=1, bias=True)
  (te_periodic): Linear(in_features=1, out_features=63, bias=True)
  (obs_enc): Linear(in_features=1, out_features=64, bias=True)
  (nodevec): Embedding(41, 64)
  (relu): ReLU()
  (decoder): Sequential(
    (0): Linear(in_features=128, out_features=64, bias=True)
    (1): ReLU(inplace=True)
    (2): Linear(in_features=64, out_features=64, bias=True)
    (3): ReLU(inplace=True)
    (4): Linear(in_features=64, out_features=1, bias=True)
  )
)
parameters: 140097
n_train_batches: 225
Exp has been early stopped!
PID, device: 1020264 cuda:0
Total records: 12000
Dataset n_samples: 12000 7200 2400 2400
Test record ids (first 20): ['135658', '143565', '132686', '153336', '136234', '161259', '144334', '155826', '132965', '145771', '135230', '142282', '132811', '138581', '145324', '156677', '138893', '149970', '138857', '142583']
Test record ids (last 20): ['143105', '137445', '146306', '144014', '138615', '142832', '139966', '153126', '152621', '160873', '146193', '139516', '146984', '143920', '145567', '137594', '162180', '144612', '136132', '143447']
data_max: tensor([9.0000e+01, 1.0000e+00, 4.6230e+02, 4.0000e+00, 4.7200e+02, 5.3000e+00,
        4.6950e+03, 1.6780e+04, 3.6400e+04, 6.2100e+01, 2.0900e+02, 3.6200e+02,
        2.2000e+01, 2.7200e+02, 1.0000e+00, 1.5000e+01, 1.5910e+03, 5.2000e+01,
        5.8000e+01, 3.0000e+02, 2.2900e+01, 3.1000e+01, 3.7500e+01, 2.9900e+02,
        1.0000e+00, 1.8000e+02, 2.1100e+02, 2.2800e+02, 3.0000e+02, 1.0000e+02,
        5.0000e+02, 7.3500e+02, 2.2920e+03, 1.0000e+02, 1.0000e+02, 2.9500e+02,
        4.2200e+01, 4.9600e+01, 2.4910e+01, 1.1000e+04, 6.2519e+03],
       device='cuda:0')
data_min: tensor([ 1.5000e+01, -1.0000e+00, -1.0000e+00,  1.0000e+00, -1.0000e+00,
         1.0000e+00,  1.3000e+01,  1.0000e+00,  4.0000e+00,  0.0000e+00,
         0.0000e+00,  2.8000e+01,  1.0000e-01, -1.0000e+00,  2.1000e-01,
         3.0000e+00,  8.0000e+00,  5.0000e+00,  5.5000e+00,  0.0000e+00,
         1.5000e+00,  0.0000e+00,  0.0000e+00,  0.0000e+00,  1.0000e+00,
         9.8000e+01, -1.0000e+00,  0.0000e+00,  0.0000e+00,  0.0000e+00,
         0.0000e+00,  0.0000e+00,  5.0000e+00,  0.0000e+00,  0.0000e+00,
         0.0000e+00, -1.7800e+01,  3.0000e-01,  1.0000e-02,  0.0000e+00,
         0.0000e+00], device='cuda:0')
time_max: tensor(48., device='cuda:0')
model Hi_Patch(
  (gcs): ModuleList(
    (0): Intra_Inter_Patch_Graph_Layer
  )
  (te_scale): Linear(in_features=1, out_features=1, bias=True)
  (te_periodic): Linear(in_features=1, out_features=63, bias=True)
  (obs_enc): Linear(in_features=1, out_features=64, bias=True)
  (nodevec): Embedding(41, 64)
  (relu): ReLU()
  (decoder): Sequential(
    (0): Linear(in_features=128, out_features=64, bias=True)
    (1): ReLU(inplace=True)
    (2): Linear(in_features=64, out_features=64, bias=True)
    (3): ReLU(inplace=True)
    (4): Linear(in_features=64, out_features=1, bias=True)
  )
)
parameters: 140097
n_train_batches: 225
Exp has been early stopped!
PID, device: 1020464 cuda:0
Total records: 12000
Dataset n_samples: 12000 7200 2400 2400
Test record ids (first 20): ['135658', '143565', '132686', '153336', '136234', '161259', '144334', '155826', '132965', '145771', '135230', '142282', '132811', '138581', '145324', '156677', '138893', '149970', '138857', '142583']
Test record ids (last 20): ['143105', '137445', '146306', '144014', '138615', '142832', '139966', '153126', '152621', '160873', '146193', '139516', '146984', '143920', '145567', '137594', '162180', '144612', '136132', '143447']
data_max: tensor([9.0000e+01, 1.0000e+00, 4.6230e+02, 4.0000e+00, 4.7200e+02, 5.3000e+00,
        4.6950e+03, 1.6780e+04, 3.6400e+04, 6.2100e+01, 2.0900e+02, 3.6200e+02,
        2.2000e+01, 2.7200e+02, 1.0000e+00, 1.5000e+01, 1.5910e+03, 5.2000e+01,
        5.8000e+01, 3.0000e+02, 2.2900e+01, 3.1000e+01, 3.7500e+01, 2.9900e+02,
        1.0000e+00, 1.8000e+02, 2.1100e+02, 2.2800e+02, 3.0000e+02, 1.0000e+02,
        5.0000e+02, 7.3500e+02, 2.2920e+03, 1.0000e+02, 1.0000e+02, 2.9500e+02,
        4.2200e+01, 4.9600e+01, 2.4910e+01, 1.1000e+04, 6.2519e+03],
       device='cuda:0')
data_min: tensor([ 1.5000e+01, -1.0000e+00, -1.0000e+00,  1.0000e+00, -1.0000e+00,
         1.0000e+00,  1.3000e+01,  1.0000e+00,  4.0000e+00,  0.0000e+00,
         0.0000e+00,  2.8000e+01,  1.0000e-01, -1.0000e+00,  2.1000e-01,
         3.0000e+00,  8.0000e+00,  5.0000e+00,  5.5000e+00,  0.0000e+00,
         1.5000e+00,  0.0000e+00,  0.0000e+00,  0.0000e+00,  1.0000e+00,
         9.8000e+01, -1.0000e+00,  0.0000e+00,  0.0000e+00,  0.0000e+00,
         0.0000e+00,  0.0000e+00,  5.0000e+00,  0.0000e+00,  0.0000e+00,
         0.0000e+00, -1.7800e+01,  3.0000e-01,  1.0000e-02,  0.0000e+00,
         0.0000e+00], device='cuda:0')
time_max: tensor(48., device='cuda:0')
model Hi_Patch(
  (gcs): ModuleList(
    (0): Intra_Inter_Patch_Graph_Layer
  )
  (te_scale): Linear(in_features=1, out_features=1, bias=True)
  (te_periodic): Linear(in_features=1, out_features=63, bias=True)
  (obs_enc): Linear(in_features=1, out_features=64, bias=True)
  (nodevec): Embedding(41, 64)
  (relu): ReLU()
  (decoder): Sequential(
    (0): Linear(in_features=128, out_features=64, bias=True)
    (1): ReLU(inplace=True)
    (2): Linear(in_features=64, out_features=64, bias=True)
    (3): ReLU(inplace=True)
    (4): Linear(in_features=64, out_features=1, bias=True)
  )
)
parameters: 140097
n_train_batches: 225
Exp has been early stopped!
PID, device: 1020878 cuda:0
Total records: 12000
Dataset n_samples: 12000 7200 2400 2400
Test record ids (first 20): ['135658', '143565', '132686', '153336', '136234', '161259', '144334', '155826', '132965', '145771', '135230', '142282', '132811', '138581', '145324', '156677', '138893', '149970', '138857', '142583']
Test record ids (last 20): ['143105', '137445', '146306', '144014', '138615', '142832', '139966', '153126', '152621', '160873', '146193', '139516', '146984', '143920', '145567', '137594', '162180', '144612', '136132', '143447']
data_max: tensor([9.0000e+01, 1.0000e+00, 4.6230e+02, 4.0000e+00, 4.7200e+02, 5.3000e+00,
        4.6950e+03, 1.6780e+04, 3.6400e+04, 6.2100e+01, 2.0900e+02, 3.6200e+02,
        2.2000e+01, 2.7200e+02, 1.0000e+00, 1.5000e+01, 1.5910e+03, 5.2000e+01,
        5.8000e+01, 3.0000e+02, 2.2900e+01, 3.1000e+01, 3.7500e+01, 2.9900e+02,
        1.0000e+00, 1.8000e+02, 2.1100e+02, 2.2800e+02, 3.0000e+02, 1.0000e+02,
        5.0000e+02, 7.3500e+02, 2.2920e+03, 1.0000e+02, 1.0000e+02, 2.9500e+02,
        4.2200e+01, 4.9600e+01, 2.4910e+01, 1.1000e+04, 6.2519e+03],
       device='cuda:0')
data_min: tensor([ 1.5000e+01, -1.0000e+00, -1.0000e+00,  1.0000e+00, -1.0000e+00,
         1.0000e+00,  1.3000e+01,  1.0000e+00,  4.0000e+00,  0.0000e+00,
         0.0000e+00,  2.8000e+01,  1.0000e-01, -1.0000e+00,  2.1000e-01,
         3.0000e+00,  8.0000e+00,  5.0000e+00,  5.5000e+00,  0.0000e+00,
         1.5000e+00,  0.0000e+00,  0.0000e+00,  0.0000e+00,  1.0000e+00,
         9.8000e+01, -1.0000e+00,  0.0000e+00,  0.0000e+00,  0.0000e+00,
         0.0000e+00,  0.0000e+00,  5.0000e+00,  0.0000e+00,  0.0000e+00,
         0.0000e+00, -1.7800e+01,  3.0000e-01,  1.0000e-02,  0.0000e+00,
         0.0000e+00], device='cuda:0')
time_max: tensor(48., device='cuda:0')
model Hi_Patch(
  (gcs): ModuleList(
    (0): Intra_Inter_Patch_Graph_Layer
  )
  (te_scale): Linear(in_features=1, out_features=1, bias=True)
  (te_periodic): Linear(in_features=1, out_features=63, bias=True)
  (obs_enc): Linear(in_features=1, out_features=64, bias=True)
  (nodevec): Embedding(41, 64)
  (relu): ReLU()
  (decoder): Sequential(
    (0): Linear(in_features=128, out_features=64, bias=True)
    (1): ReLU(inplace=True)
    (2): Linear(in_features=64, out_features=64, bias=True)
    (3): ReLU(inplace=True)
    (4): Linear(in_features=64, out_features=1, bias=True)
  )
)
parameters: 140097
n_train_batches: 225
Exp has been early stopped!
