PID, device: 1025691 cuda:0
Total records: 23457
Dataset n_samples: 23457 14073 4692 4692
Test record ids (first 20): [20539, 3274, 10159, 3501, 7505, 21021, 12964, 12250, 9303, 13430, 247, 8922, 3778, 6354, 9236, 17756, 21529, 17436, 10901, 19808]
Test record ids (last 20): [5183, 5610, 19849, 20653, 16941, 20849, 22721, 18864, 6285, 23347, 42, 14912, 3570, 22992, 17801, 4049, 5466, 795, 396, 18120]
data_max: tensor([1.6915e+04, 4.0240e+03, 5.6000e+01, 3.6400e+04, 4.9000e+01, 8.2800e+01,
        1.5500e+02, 2.7800e+01, 2.3400e+03, 1.5600e+01, 1.8200e+02, 2.8000e+02,
        4.0000e+01, 8.6000e+01, 7.0600e+01, 2.2300e+01, 1.0000e+02, 4.8000e+01,
        3.9800e+01, 1.3500e+02, 1.0000e+02, 9.9000e+01, 2.2920e+03, 1.5000e+02,
        1.6260e+02, 2.9700e+01, 8.4400e+00, 5.7250e+02, 9.0000e+00, 1.0800e+00,
        3.1000e+01, 2.7400e+01, 3.7500e+01, 3.2800e+01, 1.0000e+01, 5.0000e+00,
        2.0000e+01, 2.0000e+00, 4.2000e+01, 2.5000e+03, 1.6667e+01, 1.1000e+04,
        5.3333e+01, 5.0000e+01, 9.0000e+02, 9.2778e+01, 1.8750e+02, 1.5571e+01,
        7.7500e+02, 5.0000e+01, 8.0000e+01, 1.7400e+02, 6.3000e+00, 2.7000e+02,
        3.1000e+03, 6.5000e+02, 9.0000e+01, 1.0000e+02, 1.6390e+01, 3.7500e+02,
        2.5000e+00, 2.5000e+01, 2.9000e+01, 1.0000e+02, 4.0000e+01, 1.2500e+01,
        5.2000e+02, 6.0000e+01, 8.0000e+01, 1.0000e+03, 5.0000e+00, 4.8000e+03,
        6.2500e+01, 4.2500e+02, 3.5000e+02, 2.6000e+01, 3.7500e+03, 2.5000e+02,
        1.0000e+02, 4.0000e+01, 8.0000e+00, 1.5000e+03, 1.1000e+03, 3.0000e+01,
        5.0000e+03, 2.8000e+02, 2.7041e+03, 1.0500e+03, 2.0640e+00, 1.4286e+02,
        5.0000e+02, 7.0000e+02, 1.0000e+03, 5.0000e+02, 1.5000e+03, 4.7500e+02],
       device='cuda:0')
data_min: tensor([0.0000e+00, 0.0000e+00, 2.0000e+00, 0.0000e+00, 2.0000e+00, 0.0000e+00,
        3.9000e+01, 1.0000e-01, 0.0000e+00, 8.0000e-01, 7.4000e+01, 1.0000e+00,
        0.0000e+00, 0.0000e+00, 2.5000e+00, 0.0000e+00, 0.0000e+00, 0.0000e+00,
        0.0000e+00, 0.0000e+00, 0.0000e+00, 0.0000e+00, 4.0000e+00, 8.2000e+00,
        1.2500e+01, 0.0000e+00, 0.0000e+00, 1.0000e-01, 1.0000e+00, 1.5000e-02,
        1.0000e-01, 1.9000e+00, 2.0000e-01, 0.0000e+00, 3.0000e+00, 1.0000e+00,
        0.0000e+00, 0.0000e+00, 0.0000e+00, 0.0000e+00, 0.0000e+00, 0.0000e+00,
        0.0000e+00, 8.3333e-01, 0.0000e+00, 0.0000e+00, 0.0000e+00, 0.0000e+00,
        1.1000e+01, 0.0000e+00, 0.0000e+00, 8.0000e+00, 1.0000e+00, 0.0000e+00,
        0.0000e+00, 8.1000e+01, 3.0000e+00, 1.0000e+02, 0.0000e+00, 0.0000e+00,
        1.0000e-02, 0.0000e+00, 8.3333e-01, 1.0000e+00, 5.0000e+00, 0.0000e+00,
        0.0000e+00, 0.0000e+00, 0.0000e+00, 2.5000e+01, 4.0000e-02, 0.0000e+00,
        3.3333e-01, 0.0000e+00, 1.0000e+01, 0.0000e+00, 0.0000e+00, 0.0000e+00,
        2.5000e+00, 8.0000e+00, 0.0000e+00, 0.0000e+00, 0.0000e+00, 0.0000e+00,
        0.0000e+00, 0.0000e+00, 0.0000e+00, 0.0000e+00, 0.0000e+00, 9.1912e-01,
        4.1667e+00, 0.0000e+00, 0.0000e+00, 0.0000e+00, 0.0000e+00, 0.0000e+00],
       device='cuda:0')
time_max: tensor(47.9833, device='cuda:0')
model Hi_Patch(
  (gcs): ModuleList(
    (0): Intra_Inter_Patch_Graph_Layer
  )
  (te_scale): Linear(in_features=1, out_features=1, bias=True)
  (te_periodic): Linear(in_features=1, out_features=127, bias=True)
  (obs_enc): Linear(in_features=1, out_features=128, bias=True)
  (nodevec): Embedding(96, 128)
  (relu): ReLU()
  (decoder): Sequential(
    (0): Linear(in_features=256, out_features=128, bias=True)
    (1): ReLU(inplace=True)
    (2): Linear(in_features=128, out_features=128, bias=True)
    (3): ReLU(inplace=True)
    (4): Linear(in_features=128, out_features=1, bias=True)
  )
)
parameters: 408961
n_train_batches: 1760
Exp has been early stopped!
