/home/taejoo/dsl_lab/Hi-Patch_taejoo/Hi-Patch/train_forecasting.py
2025-08-29 13:35:45
train_forecasting.py --dataset activity --state def --history 3000 --patience 10 --batch_size 32 --lr 1e-3 --patch_size 750 --stride 750 --nhead 1 --nlayer 3 --hid_dim 64 --seed 0 --gpu 0 --alpha 1
Namespace(state='def', n=100000000, epoch=1000, patience=10, history=3000, pred_window=1000, logmode='a', lr=0.001, w_decay=0.0, batch_size=32, load=None, seed=0, dataset='activity', quantization=0.0, model='Hi-Patch', nhead=1, nlayer=3, patch_size=750.0, stride=750.0, hid_dim=64, alpha=1.0, res=1, gpu='0', npatch=4, device=device(type='cuda', index=0), PID=1019499, ndim=12, patch_layer=3, scale_patch_size=0.1875, task='forecasting')
- Epoch 000, ExpID 71366
Train - Loss (one batch): 0.00313
Val - Loss, MSE, RMSE, MAE, MAPE: 0.00346, 0.00346, 0.05885, 0.03837, 9.74%
Test - Best epoch, Loss, MSE, RMSE, MAE, MAPE: 0, 0.00332, 0.00332, 0.05763, 0.03797, 8.66%
Time spent: 42.98s
- Epoch 001, ExpID 71366
Train - Loss (one batch): 0.00456
Val - Loss, MSE, RMSE, MAE, MAPE: 0.00323, 0.00323, 0.05681, 0.03594, 9.35%
Test - Best epoch, Loss, MSE, RMSE, MAE, MAPE: 1, 0.00309, 0.00309, 0.05560, 0.03561, 8.31%
Time spent: 42.64s
- Epoch 002, ExpID 71366
Train - Loss (one batch): 0.00219
Val - Loss, MSE, RMSE, MAE, MAPE: 0.00306, 0.00306, 0.05528, 0.03416, 8.70%
Test - Best epoch, Loss, MSE, RMSE, MAE, MAPE: 2, 0.00293, 0.00293, 0.05411, 0.03378, 7.71%
Time spent: 42.76s
- Epoch 003, ExpID 71366
Train - Loss (one batch): 0.00337
Val - Loss, MSE, RMSE, MAE, MAPE: 0.00308, 0.00308, 0.05548, 0.03438, 8.85%
Test - Best epoch, Loss, MSE, RMSE, MAE, MAPE: 2, 0.00293, 0.00293, 0.05411, 0.03378, 7.71%
Time spent: 36.44s
- Epoch 004, ExpID 71366
Train - Loss (one batch): 0.00235
Val - Loss, MSE, RMSE, MAE, MAPE: 0.00307, 0.00307, 0.05538, 0.03453, 8.63%
Test - Best epoch, Loss, MSE, RMSE, MAE, MAPE: 2, 0.00293, 0.00293, 0.05411, 0.03378, 7.71%
Time spent: 36.46s
- Epoch 005, ExpID 71366
Train - Loss (one batch): 0.00294
Val - Loss, MSE, RMSE, MAE, MAPE: 0.00300, 0.00300, 0.05479, 0.03380, 8.76%
Test - Best epoch, Loss, MSE, RMSE, MAE, MAPE: 5, 0.00288, 0.00288, 0.05364, 0.03360, 7.86%
Time spent: 42.84s
- Epoch 006, ExpID 71366
Train - Loss (one batch): 0.00368
Val - Loss, MSE, RMSE, MAE, MAPE: 0.00318, 0.00318, 0.05640, 0.03685, 9.71%
Test - Best epoch, Loss, MSE, RMSE, MAE, MAPE: 5, 0.00288, 0.00288, 0.05364, 0.03360, 7.86%
Time spent: 36.45s
- Epoch 007, ExpID 71366
Train - Loss (one batch): 0.00290
Val - Loss, MSE, RMSE, MAE, MAPE: 0.00290, 0.00290, 0.05385, 0.03318, 8.56%
Test - Best epoch, Loss, MSE, RMSE, MAE, MAPE: 7, 0.00279, 0.00279, 0.05278, 0.03286, 7.62%
Time spent: 42.85s
- Epoch 008, ExpID 71366
Train - Loss (one batch): 0.00239
Val - Loss, MSE, RMSE, MAE, MAPE: 0.00287, 0.00287, 0.05356, 0.03290, 8.47%
Test - Best epoch, Loss, MSE, RMSE, MAE, MAPE: 8, 0.00276, 0.00276, 0.05255, 0.03286, 7.56%
Time spent: 42.85s
- Epoch 009, ExpID 71366
Train - Loss (one batch): 0.00225
Val - Loss, MSE, RMSE, MAE, MAPE: 0.00286, 0.00286, 0.05351, 0.03288, 8.53%
Test - Best epoch, Loss, MSE, RMSE, MAE, MAPE: 9, 0.00276, 0.00276, 0.05251, 0.03271, 7.62%
Time spent: 42.84s
- Epoch 010, ExpID 71366
Train - Loss (one batch): 0.00271
Val - Loss, MSE, RMSE, MAE, MAPE: 0.00286, 0.00286, 0.05345, 0.03336, 8.49%
Test - Best epoch, Loss, MSE, RMSE, MAE, MAPE: 10, 0.00275, 0.00275, 0.05245, 0.03295, 7.58%
Time spent: 42.85s
- Epoch 011, ExpID 71366
Train - Loss (one batch): 0.00246
Val - Loss, MSE, RMSE, MAE, MAPE: 0.00297, 0.00297, 0.05449, 0.03467, 9.00%
Test - Best epoch, Loss, MSE, RMSE, MAE, MAPE: 10, 0.00275, 0.00275, 0.05245, 0.03295, 7.58%
Time spent: 36.45s
- Epoch 012, ExpID 71366
Train - Loss (one batch): 0.00216
Val - Loss, MSE, RMSE, MAE, MAPE: 0.00341, 0.00341, 0.05843, 0.04060, 10.69%
Test - Best epoch, Loss, MSE, RMSE, MAE, MAPE: 10, 0.00275, 0.00275, 0.05245, 0.03295, 7.58%
Time spent: 36.48s
- Epoch 013, ExpID 71366
Train - Loss (one batch): 0.00231
Val - Loss, MSE, RMSE, MAE, MAPE: 0.00287, 0.00287, 0.05357, 0.03345, 8.75%
Test - Best epoch, Loss, MSE, RMSE, MAE, MAPE: 10, 0.00275, 0.00275, 0.05245, 0.03295, 7.58%
Time spent: 36.46s
- Epoch 014, ExpID 71366
Train - Loss (one batch): 0.00242
Val - Loss, MSE, RMSE, MAE, MAPE: 0.00288, 0.00288, 0.05363, 0.03377, 8.38%
Test - Best epoch, Loss, MSE, RMSE, MAE, MAPE: 10, 0.00275, 0.00275, 0.05245, 0.03295, 7.58%
Time spent: 36.49s
- Epoch 015, ExpID 71366
Train - Loss (one batch): 0.00290
Val - Loss, MSE, RMSE, MAE, MAPE: 0.00283, 0.00283, 0.05315, 0.03313, 8.61%
Test - Best epoch, Loss, MSE, RMSE, MAE, MAPE: 15, 0.00274, 0.00274, 0.05236, 0.03290, 7.71%
Time spent: 42.89s
- Epoch 016, ExpID 71366
Train - Loss (one batch): 0.00204
Val - Loss, MSE, RMSE, MAE, MAPE: 0.00277, 0.00277, 0.05262, 0.03248, 8.22%
Test - Best epoch, Loss, MSE, RMSE, MAE, MAPE: 16, 0.00269, 0.00269, 0.05183, 0.03228, 7.36%
Time spent: 42.88s
- Epoch 017, ExpID 71366
Train - Loss (one batch): 0.00200
Val - Loss, MSE, RMSE, MAE, MAPE: 0.00277, 0.00277, 0.05264, 0.03250, 8.25%
Test - Best epoch, Loss, MSE, RMSE, MAE, MAPE: 16, 0.00269, 0.00269, 0.05183, 0.03228, 7.36%
Time spent: 36.55s
- Epoch 018, ExpID 71366
Train - Loss (one batch): 0.00281
Val - Loss, MSE, RMSE, MAE, MAPE: 0.00276, 0.00276, 0.05257, 0.03235, 8.32%
Test - Best epoch, Loss, MSE, RMSE, MAE, MAPE: 18, 0.00269, 0.00269, 0.05184, 0.03226, 7.46%
Time spent: 42.88s
- Epoch 019, ExpID 71366
Train - Loss (one batch): 0.00209
Val - Loss, MSE, RMSE, MAE, MAPE: 0.00301, 0.00301, 0.05487, 0.03624, 9.45%
Test - Best epoch, Loss, MSE, RMSE, MAE, MAPE: 18, 0.00269, 0.00269, 0.05184, 0.03226, 7.46%
Time spent: 36.49s
- Epoch 020, ExpID 71366
Train - Loss (one batch): 0.00207
Val - Loss, MSE, RMSE, MAE, MAPE: 0.00274, 0.00274, 0.05230, 0.03227, 8.13%
Test - Best epoch, Loss, MSE, RMSE, MAE, MAPE: 20, 0.00267, 0.00267, 0.05169, 0.03209, 7.30%
Time spent: 42.87s
- Epoch 021, ExpID 71366
Train - Loss (one batch): 0.00174
Val - Loss, MSE, RMSE, MAE, MAPE: 0.00268, 0.00268, 0.05180, 0.03141, 8.07%
Test - Best epoch, Loss, MSE, RMSE, MAE, MAPE: 21, 0.00263, 0.00263, 0.05129, 0.03153, 7.28%
Time spent: 42.87s
- Epoch 022, ExpID 71366
Train - Loss (one batch): 0.00227
Val - Loss, MSE, RMSE, MAE, MAPE: 0.00273, 0.00273, 0.05229, 0.03231, 8.19%
Test - Best epoch, Loss, MSE, RMSE, MAE, MAPE: 21, 0.00263, 0.00263, 0.05129, 0.03153, 7.28%
Time spent: 36.47s
- Epoch 023, ExpID 71366
Train - Loss (one batch): 0.00383
Val - Loss, MSE, RMSE, MAE, MAPE: 0.00271, 0.00271, 0.05210, 0.03255, 8.37%
Test - Best epoch, Loss, MSE, RMSE, MAE, MAPE: 21, 0.00263, 0.00263, 0.05129, 0.03153, 7.28%
Time spent: 36.47s
- Epoch 024, ExpID 71366
Train - Loss (one batch): 0.00276
Val - Loss, MSE, RMSE, MAE, MAPE: 0.00284, 0.00284, 0.05326, 0.03374, 8.77%
Test - Best epoch, Loss, MSE, RMSE, MAE, MAPE: 21, 0.00263, 0.00263, 0.05129, 0.03153, 7.28%
Time spent: 36.49s
- Epoch 025, ExpID 71366
Train - Loss (one batch): 0.00199
Val - Loss, MSE, RMSE, MAE, MAPE: 0.00271, 0.00271, 0.05203, 0.03252, 8.42%
Test - Best epoch, Loss, MSE, RMSE, MAE, MAPE: 21, 0.00263, 0.00263, 0.05129, 0.03153, 7.28%
Time spent: 36.47s
- Epoch 026, ExpID 71366
Train - Loss (one batch): 0.00409
Val - Loss, MSE, RMSE, MAE, MAPE: 0.00268, 0.00268, 0.05180, 0.03189, 8.18%
Test - Best epoch, Loss, MSE, RMSE, MAE, MAPE: 21, 0.00263, 0.00263, 0.05129, 0.03153, 7.28%
Time spent: 36.47s
- Epoch 027, ExpID 71366
Train - Loss (one batch): 0.00226
Val - Loss, MSE, RMSE, MAE, MAPE: 0.00275, 0.00275, 0.05243, 0.03256, 8.35%
Test - Best epoch, Loss, MSE, RMSE, MAE, MAPE: 21, 0.00263, 0.00263, 0.05129, 0.03153, 7.28%
Time spent: 36.50s
- Epoch 028, ExpID 71366
Train - Loss (one batch): 0.00224
Val - Loss, MSE, RMSE, MAE, MAPE: 0.00268, 0.00268, 0.05173, 0.03163, 8.10%
Test - Best epoch, Loss, MSE, RMSE, MAE, MAPE: 28, 0.00264, 0.00264, 0.05133, 0.03181, 7.33%
Time spent: 42.85s
- Epoch 029, ExpID 71366
Train - Loss (one batch): 0.00245
Val - Loss, MSE, RMSE, MAE, MAPE: 0.00270, 0.00270, 0.05193, 0.03217, 8.32%
Test - Best epoch, Loss, MSE, RMSE, MAE, MAPE: 28, 0.00264, 0.00264, 0.05133, 0.03181, 7.33%
Time spent: 36.48s
- Epoch 030, ExpID 71366
Train - Loss (one batch): 0.00326
Val - Loss, MSE, RMSE, MAE, MAPE: 0.00271, 0.00271, 0.05201, 0.03260, 8.22%
Test - Best epoch, Loss, MSE, RMSE, MAE, MAPE: 28, 0.00264, 0.00264, 0.05133, 0.03181, 7.33%
Time spent: 36.48s
- Epoch 031, ExpID 71366
Train - Loss (one batch): 0.00278
Val - Loss, MSE, RMSE, MAE, MAPE: 0.00272, 0.00272, 0.05214, 0.03255, 8.37%
Test - Best epoch, Loss, MSE, RMSE, MAE, MAPE: 28, 0.00264, 0.00264, 0.05133, 0.03181, 7.33%
Time spent: 36.48s
- Epoch 032, ExpID 71366
Train - Loss (one batch): 0.00203
Val - Loss, MSE, RMSE, MAE, MAPE: 0.00267, 0.00267, 0.05168, 0.03173, 8.28%
Test - Best epoch, Loss, MSE, RMSE, MAE, MAPE: 32, 0.00262, 0.00262, 0.05115, 0.03179, 7.42%
Time spent: 42.85s
- Epoch 033, ExpID 71366
Train - Loss (one batch): 0.00309
Val - Loss, MSE, RMSE, MAE, MAPE: 0.00268, 0.00268, 0.05176, 0.03233, 8.17%
Test - Best epoch, Loss, MSE, RMSE, MAE, MAPE: 32, 0.00262, 0.00262, 0.05115, 0.03179, 7.42%
Time spent: 36.47s
- Epoch 034, ExpID 71366
Train - Loss (one batch): 0.00183
Val - Loss, MSE, RMSE, MAE, MAPE: 0.00269, 0.00269, 0.05185, 0.03200, 8.30%
Test - Best epoch, Loss, MSE, RMSE, MAE, MAPE: 32, 0.00262, 0.00262, 0.05115, 0.03179, 7.42%
Time spent: 36.47s
- Epoch 035, ExpID 71366
Train - Loss (one batch): 0.00233
Val - Loss, MSE, RMSE, MAE, MAPE: 0.00268, 0.00268, 0.05176, 0.03211, 8.29%
Test - Best epoch, Loss, MSE, RMSE, MAE, MAPE: 32, 0.00262, 0.00262, 0.05115, 0.03179, 7.42%
Time spent: 36.47s
- Epoch 036, ExpID 71366
Train - Loss (one batch): 0.00220
Val - Loss, MSE, RMSE, MAE, MAPE: 0.00266, 0.00266, 0.05157, 0.03153, 8.15%
Test - Best epoch, Loss, MSE, RMSE, MAE, MAPE: 36, 0.00259, 0.00259, 0.05091, 0.03162, 7.31%
Time spent: 42.83s
- Epoch 037, ExpID 71366
Train - Loss (one batch): 0.00174
Val - Loss, MSE, RMSE, MAE, MAPE: 0.00269, 0.00269, 0.05188, 0.03195, 8.02%
Test - Best epoch, Loss, MSE, RMSE, MAE, MAPE: 36, 0.00259, 0.00259, 0.05091, 0.03162, 7.31%
Time spent: 36.46s
- Epoch 038, ExpID 71366
Train - Loss (one batch): 0.00173
Val - Loss, MSE, RMSE, MAE, MAPE: 0.00276, 0.00276, 0.05254, 0.03300, 8.18%
Test - Best epoch, Loss, MSE, RMSE, MAE, MAPE: 36, 0.00259, 0.00259, 0.05091, 0.03162, 7.31%
Time spent: 36.48s
- Epoch 039, ExpID 71366
Train - Loss (one batch): 0.00262
Val - Loss, MSE, RMSE, MAE, MAPE: 0.00274, 0.00274, 0.05231, 0.03266, 8.56%
Test - Best epoch, Loss, MSE, RMSE, MAE, MAPE: 36, 0.00259, 0.00259, 0.05091, 0.03162, 7.31%
Time spent: 36.48s
- Epoch 040, ExpID 71366
Train - Loss (one batch): 0.00222
Val - Loss, MSE, RMSE, MAE, MAPE: 0.00267, 0.00267, 0.05165, 0.03168, 8.01%
Test - Best epoch, Loss, MSE, RMSE, MAE, MAPE: 36, 0.00259, 0.00259, 0.05091, 0.03162, 7.31%
Time spent: 36.47s
- Epoch 041, ExpID 71366
Train - Loss (one batch): 0.00169
Val - Loss, MSE, RMSE, MAE, MAPE: 0.00271, 0.00271, 0.05203, 0.03213, 8.10%
Test - Best epoch, Loss, MSE, RMSE, MAE, MAPE: 36, 0.00259, 0.00259, 0.05091, 0.03162, 7.31%
Time spent: 36.48s
- Epoch 042, ExpID 71366
Train - Loss (one batch): 0.00206
Val - Loss, MSE, RMSE, MAE, MAPE: 0.00277, 0.00277, 0.05264, 0.03297, 8.56%
Test - Best epoch, Loss, MSE, RMSE, MAE, MAPE: 36, 0.00259, 0.00259, 0.05091, 0.03162, 7.31%
Time spent: 36.47s
- Epoch 043, ExpID 71366
Train - Loss (one batch): 0.00266
Val - Loss, MSE, RMSE, MAE, MAPE: 0.00265, 0.00265, 0.05150, 0.03116, 8.14%
Test - Best epoch, Loss, MSE, RMSE, MAE, MAPE: 43, 0.00258, 0.00258, 0.05083, 0.03128, 7.30%
Time spent: 42.85s
- Epoch 044, ExpID 71366
Train - Loss (one batch): 0.00279
Val - Loss, MSE, RMSE, MAE, MAPE: 0.00271, 0.00271, 0.05206, 0.03222, 8.54%
Test - Best epoch, Loss, MSE, RMSE, MAE, MAPE: 43, 0.00258, 0.00258, 0.05083, 0.03128, 7.30%
Time spent: 36.49s
- Epoch 045, ExpID 71366
Train - Loss (one batch): 0.00232
Val - Loss, MSE, RMSE, MAE, MAPE: 0.00275, 0.00275, 0.05244, 0.03281, 8.23%
Test - Best epoch, Loss, MSE, RMSE, MAE, MAPE: 43, 0.00258, 0.00258, 0.05083, 0.03128, 7.30%
Time spent: 36.48s
- Epoch 046, ExpID 71366
Train - Loss (one batch): 0.00277
Val - Loss, MSE, RMSE, MAE, MAPE: 0.00267, 0.00267, 0.05167, 0.03184, 8.27%
Test - Best epoch, Loss, MSE, RMSE, MAE, MAPE: 43, 0.00258, 0.00258, 0.05083, 0.03128, 7.30%
Time spent: 36.47s
- Epoch 047, ExpID 71366
Train - Loss (one batch): 0.00312
Val - Loss, MSE, RMSE, MAE, MAPE: 0.00269, 0.00269, 0.05184, 0.03206, 8.28%
Test - Best epoch, Loss, MSE, RMSE, MAE, MAPE: 43, 0.00258, 0.00258, 0.05083, 0.03128, 7.30%
Time spent: 36.47s
- Epoch 048, ExpID 71366
Train - Loss (one batch): 0.00149
Val - Loss, MSE, RMSE, MAE, MAPE: 0.00267, 0.00267, 0.05170, 0.03194, 8.16%
Test - Best epoch, Loss, MSE, RMSE, MAE, MAPE: 43, 0.00258, 0.00258, 0.05083, 0.03128, 7.30%
Time spent: 36.47s
- Epoch 049, ExpID 71366
Train - Loss (one batch): 0.00159
Val - Loss, MSE, RMSE, MAE, MAPE: 0.00263, 0.00263, 0.05132, 0.03112, 8.01%
Test - Best epoch, Loss, MSE, RMSE, MAE, MAPE: 49, 0.00258, 0.00258, 0.05078, 0.03132, 7.19%
Time spent: 42.85s
- Epoch 050, ExpID 71366
Train - Loss (one batch): 0.00220
Val - Loss, MSE, RMSE, MAE, MAPE: 0.00266, 0.00266, 0.05153, 0.03146, 8.09%
Test - Best epoch, Loss, MSE, RMSE, MAE, MAPE: 49, 0.00258, 0.00258, 0.05078, 0.03132, 7.19%
Time spent: 36.47s
- Epoch 051, ExpID 71366
Train - Loss (one batch): 0.00158
Val - Loss, MSE, RMSE, MAE, MAPE: 0.00266, 0.00266, 0.05153, 0.03146, 8.20%
Test - Best epoch, Loss, MSE, RMSE, MAE, MAPE: 49, 0.00258, 0.00258, 0.05078, 0.03132, 7.19%
Time spent: 36.46s
- Epoch 052, ExpID 71366
Train - Loss (one batch): 0.00154
Val - Loss, MSE, RMSE, MAE, MAPE: 0.00271, 0.00271, 0.05207, 0.03179, 8.38%
Test - Best epoch, Loss, MSE, RMSE, MAE, MAPE: 49, 0.00258, 0.00258, 0.05078, 0.03132, 7.19%
Time spent: 36.46s
- Epoch 053, ExpID 71366
Train - Loss (one batch): 0.00289
Val - Loss, MSE, RMSE, MAE, MAPE: 0.00275, 0.00275, 0.05248, 0.03285, 8.47%
Test - Best epoch, Loss, MSE, RMSE, MAE, MAPE: 49, 0.00258, 0.00258, 0.05078, 0.03132, 7.19%
Time spent: 36.46s
- Epoch 054, ExpID 71366
Train - Loss (one batch): 0.00236
Val - Loss, MSE, RMSE, MAE, MAPE: 0.00269, 0.00269, 0.05187, 0.03133, 8.13%
Test - Best epoch, Loss, MSE, RMSE, MAE, MAPE: 49, 0.00258, 0.00258, 0.05078, 0.03132, 7.19%
Time spent: 36.48s
- Epoch 055, ExpID 71366
Train - Loss (one batch): 0.00298
Val - Loss, MSE, RMSE, MAE, MAPE: 0.00263, 0.00263, 0.05125, 0.03119, 8.03%
Test - Best epoch, Loss, MSE, RMSE, MAE, MAPE: 55, 0.00259, 0.00259, 0.05094, 0.03129, 7.25%
Time spent: 42.84s
- Epoch 056, ExpID 71366
Train - Loss (one batch): 0.00211
Val - Loss, MSE, RMSE, MAE, MAPE: 0.00269, 0.00269, 0.05190, 0.03168, 8.09%
Test - Best epoch, Loss, MSE, RMSE, MAE, MAPE: 55, 0.00259, 0.00259, 0.05094, 0.03129, 7.25%
Time spent: 36.46s
- Epoch 057, ExpID 71366
Train - Loss (one batch): 0.00175
Val - Loss, MSE, RMSE, MAE, MAPE: 0.00264, 0.00264, 0.05141, 0.03084, 7.97%
Test - Best epoch, Loss, MSE, RMSE, MAE, MAPE: 55, 0.00259, 0.00259, 0.05094, 0.03129, 7.25%
Time spent: 36.50s
- Epoch 058, ExpID 71366
Train - Loss (one batch): 0.00210
Val - Loss, MSE, RMSE, MAE, MAPE: 0.00271, 0.00271, 0.05209, 0.03184, 8.28%
Test - Best epoch, Loss, MSE, RMSE, MAE, MAPE: 55, 0.00259, 0.00259, 0.05094, 0.03129, 7.25%
Time spent: 36.48s
- Epoch 059, ExpID 71366
Train - Loss (one batch): 0.00192
Val - Loss, MSE, RMSE, MAE, MAPE: 0.00268, 0.00268, 0.05174, 0.03143, 8.11%
Test - Best epoch, Loss, MSE, RMSE, MAE, MAPE: 55, 0.00259, 0.00259, 0.05094, 0.03129, 7.25%
Time spent: 36.48s
- Epoch 060, ExpID 71366
Train - Loss (one batch): 0.00202
Val - Loss, MSE, RMSE, MAE, MAPE: 0.00282, 0.00282, 0.05310, 0.03325, 8.23%
Test - Best epoch, Loss, MSE, RMSE, MAE, MAPE: 55, 0.00259, 0.00259, 0.05094, 0.03129, 7.25%
Time spent: 36.46s
- Epoch 061, ExpID 71366
Train - Loss (one batch): 0.00149
Val - Loss, MSE, RMSE, MAE, MAPE: 0.00273, 0.00273, 0.05224, 0.03211, 8.21%
Test - Best epoch, Loss, MSE, RMSE, MAE, MAPE: 55, 0.00259, 0.00259, 0.05094, 0.03129, 7.25%
Time spent: 36.48s
- Epoch 062, ExpID 71366
Train - Loss (one batch): 0.00210
Val - Loss, MSE, RMSE, MAE, MAPE: 0.00271, 0.00271, 0.05203, 0.03185, 8.16%
Test - Best epoch, Loss, MSE, RMSE, MAE, MAPE: 55, 0.00259, 0.00259, 0.05094, 0.03129, 7.25%
Time spent: 36.49s
- Epoch 063, ExpID 71366
Train - Loss (one batch): 0.00227
Val - Loss, MSE, RMSE, MAE, MAPE: 0.00270, 0.00270, 0.05199, 0.03195, 8.25%
Test - Best epoch, Loss, MSE, RMSE, MAE, MAPE: 55, 0.00259, 0.00259, 0.05094, 0.03129, 7.25%
Time spent: 36.49s
- Epoch 064, ExpID 71366
Train - Loss (one batch): 0.00301
Val - Loss, MSE, RMSE, MAE, MAPE: 0.00268, 0.00268, 0.05177, 0.03100, 7.94%
Test - Best epoch, Loss, MSE, RMSE, MAE, MAPE: 55, 0.00259, 0.00259, 0.05094, 0.03129, 7.25%
Time spent: 36.47s
- Epoch 065, ExpID 71366
Train - Loss (one batch): 0.00296
Val - Loss, MSE, RMSE, MAE, MAPE: 0.00272, 0.00272, 0.05220, 0.03181, 8.19%
Test - Best epoch, Loss, MSE, RMSE, MAE, MAPE: 55, 0.00259, 0.00259, 0.05094, 0.03129, 7.25%
Time spent: 36.47s
Avg Train Time per epoch: 30.53s
Avg Inference Time per epoch: 0.17957s
Avg Peak GPU Mem (Train): 5367.6 MB
Peak GPU Mem (Inference): 3398.7 MB
/home/taejoo/dsl_lab/Hi-Patch_taejoo/Hi-Patch/train_forecasting.py
2025-08-29 14:17:56
train_forecasting.py --dataset activity --state def --history 3000 --patience 10 --batch_size 32 --lr 1e-3 --patch_size 750 --stride 750 --nhead 1 --nlayer 3 --hid_dim 64 --seed 1 --gpu 0 --alpha 1
Namespace(state='def', n=100000000, epoch=1000, patience=10, history=3000, pred_window=1000, logmode='a', lr=0.001, w_decay=0.0, batch_size=32, load=None, seed=1, dataset='activity', quantization=0.0, model='Hi-Patch', nhead=1, nlayer=3, patch_size=750.0, stride=750.0, hid_dim=64, alpha=1.0, res=1, gpu='0', npatch=4, device=device(type='cuda', index=0), PID=1020497, ndim=12, patch_layer=3, scale_patch_size=0.1875, task='forecasting')
- Epoch 000, ExpID 21579
Train - Loss (one batch): 0.00264
Val - Loss, MSE, RMSE, MAE, MAPE: 0.00370, 0.00370, 0.06086, 0.04081, 9.88%
Test - Best epoch, Loss, MSE, RMSE, MAE, MAPE: 0, 0.00354, 0.00354, 0.05947, 0.04028, 8.82%
Time spent: 43.22s
- Epoch 001, ExpID 21579
Train - Loss (one batch): 0.00340
Val - Loss, MSE, RMSE, MAE, MAPE: 0.00330, 0.00330, 0.05742, 0.03739, 9.17%
Test - Best epoch, Loss, MSE, RMSE, MAE, MAPE: 1, 0.00316, 0.00316, 0.05620, 0.03703, 8.16%
Time spent: 42.82s
- Epoch 002, ExpID 21579
Train - Loss (one batch): 0.00277
Val - Loss, MSE, RMSE, MAE, MAPE: 0.00311, 0.00311, 0.05576, 0.03443, 8.94%
Test - Best epoch, Loss, MSE, RMSE, MAE, MAPE: 2, 0.00296, 0.00296, 0.05438, 0.03385, 7.93%
Time spent: 42.81s
- Epoch 003, ExpID 21579
Train - Loss (one batch): 0.00247
Val - Loss, MSE, RMSE, MAE, MAPE: 0.00301, 0.00301, 0.05488, 0.03328, 8.59%
Test - Best epoch, Loss, MSE, RMSE, MAE, MAPE: 3, 0.00286, 0.00286, 0.05352, 0.03270, 7.59%
Time spent: 42.81s
- Epoch 004, ExpID 21579
Train - Loss (one batch): 0.00331
Val - Loss, MSE, RMSE, MAE, MAPE: 0.00313, 0.00313, 0.05599, 0.03482, 8.57%
Test - Best epoch, Loss, MSE, RMSE, MAE, MAPE: 3, 0.00286, 0.00286, 0.05352, 0.03270, 7.59%
Time spent: 36.45s
- Epoch 005, ExpID 21579
Train - Loss (one batch): 0.00206
Val - Loss, MSE, RMSE, MAE, MAPE: 0.00295, 0.00295, 0.05432, 0.03256, 8.34%
Test - Best epoch, Loss, MSE, RMSE, MAE, MAPE: 5, 0.00281, 0.00281, 0.05305, 0.03216, 7.39%
Time spent: 42.81s
- Epoch 006, ExpID 21579
Train - Loss (one batch): 0.00202
Val - Loss, MSE, RMSE, MAE, MAPE: 0.00316, 0.00316, 0.05624, 0.03638, 8.77%
Test - Best epoch, Loss, MSE, RMSE, MAE, MAPE: 5, 0.00281, 0.00281, 0.05305, 0.03216, 7.39%
Time spent: 36.45s
- Epoch 007, ExpID 21579
Train - Loss (one batch): 0.00259
Val - Loss, MSE, RMSE, MAE, MAPE: 0.00291, 0.00291, 0.05391, 0.03261, 8.42%
Test - Best epoch, Loss, MSE, RMSE, MAE, MAPE: 7, 0.00277, 0.00277, 0.05267, 0.03201, 7.43%
Time spent: 42.83s
- Epoch 008, ExpID 21579
Train - Loss (one batch): 0.00210
Val - Loss, MSE, RMSE, MAE, MAPE: 0.00289, 0.00289, 0.05375, 0.03239, 8.18%
Test - Best epoch, Loss, MSE, RMSE, MAE, MAPE: 8, 0.00278, 0.00278, 0.05270, 0.03209, 7.31%
Time spent: 42.81s
- Epoch 009, ExpID 21579
Train - Loss (one batch): 0.00265
Val - Loss, MSE, RMSE, MAE, MAPE: 0.00296, 0.00296, 0.05442, 0.03374, 8.74%
Test - Best epoch, Loss, MSE, RMSE, MAE, MAPE: 8, 0.00278, 0.00278, 0.05270, 0.03209, 7.31%
Time spent: 36.44s
- Epoch 010, ExpID 21579
Train - Loss (one batch): 0.00222
Val - Loss, MSE, RMSE, MAE, MAPE: 0.00287, 0.00287, 0.05359, 0.03243, 8.36%
Test - Best epoch, Loss, MSE, RMSE, MAE, MAPE: 10, 0.00277, 0.00277, 0.05262, 0.03217, 7.45%
Time spent: 42.81s
- Epoch 011, ExpID 21579
Train - Loss (one batch): 0.00256
Val - Loss, MSE, RMSE, MAE, MAPE: 0.00296, 0.00296, 0.05438, 0.03448, 8.50%
Test - Best epoch, Loss, MSE, RMSE, MAE, MAPE: 10, 0.00277, 0.00277, 0.05262, 0.03217, 7.45%
Time spent: 36.43s
- Epoch 012, ExpID 21579
Train - Loss (one batch): 0.00298
Val - Loss, MSE, RMSE, MAE, MAPE: 0.00282, 0.00282, 0.05311, 0.03237, 8.16%
Test - Best epoch, Loss, MSE, RMSE, MAE, MAPE: 12, 0.00273, 0.00273, 0.05224, 0.03213, 7.31%
Time spent: 42.82s
- Epoch 013, ExpID 21579
Train - Loss (one batch): 0.00183
Val - Loss, MSE, RMSE, MAE, MAPE: 0.00283, 0.00283, 0.05320, 0.03289, 8.23%
Test - Best epoch, Loss, MSE, RMSE, MAE, MAPE: 12, 0.00273, 0.00273, 0.05224, 0.03213, 7.31%
Time spent: 36.44s
- Epoch 014, ExpID 21579
Train - Loss (one batch): 0.00189
Val - Loss, MSE, RMSE, MAE, MAPE: 0.00276, 0.00276, 0.05256, 0.03192, 8.28%
Test - Best epoch, Loss, MSE, RMSE, MAE, MAPE: 14, 0.00268, 0.00268, 0.05178, 0.03192, 7.41%
Time spent: 42.83s
- Epoch 015, ExpID 21579
Train - Loss (one batch): 0.00310
Val - Loss, MSE, RMSE, MAE, MAPE: 0.00282, 0.00282, 0.05307, 0.03309, 8.38%
Test - Best epoch, Loss, MSE, RMSE, MAE, MAPE: 14, 0.00268, 0.00268, 0.05178, 0.03192, 7.41%
Time spent: 36.44s
- Epoch 016, ExpID 21579
Train - Loss (one batch): 0.00241
Val - Loss, MSE, RMSE, MAE, MAPE: 0.00278, 0.00278, 0.05270, 0.03229, 8.48%
Test - Best epoch, Loss, MSE, RMSE, MAE, MAPE: 14, 0.00268, 0.00268, 0.05178, 0.03192, 7.41%
Time spent: 36.44s
- Epoch 017, ExpID 21579
Train - Loss (one batch): 0.00323
Val - Loss, MSE, RMSE, MAE, MAPE: 0.00276, 0.00276, 0.05255, 0.03205, 8.13%
Test - Best epoch, Loss, MSE, RMSE, MAE, MAPE: 17, 0.00266, 0.00266, 0.05162, 0.03178, 7.24%
Time spent: 42.82s
- Epoch 018, ExpID 21579
Train - Loss (one batch): 0.00352
Val - Loss, MSE, RMSE, MAE, MAPE: 0.00281, 0.00281, 0.05302, 0.03274, 8.24%
Test - Best epoch, Loss, MSE, RMSE, MAE, MAPE: 17, 0.00266, 0.00266, 0.05162, 0.03178, 7.24%
Time spent: 36.44s
- Epoch 019, ExpID 21579
Train - Loss (one batch): 0.00250
Val - Loss, MSE, RMSE, MAE, MAPE: 0.00270, 0.00270, 0.05200, 0.03181, 8.06%
Test - Best epoch, Loss, MSE, RMSE, MAE, MAPE: 19, 0.00264, 0.00264, 0.05139, 0.03190, 7.26%
Time spent: 42.82s
- Epoch 020, ExpID 21579
Train - Loss (one batch): 0.00233
Val - Loss, MSE, RMSE, MAE, MAPE: 0.00279, 0.00279, 0.05284, 0.03317, 8.28%
Test - Best epoch, Loss, MSE, RMSE, MAE, MAPE: 19, 0.00264, 0.00264, 0.05139, 0.03190, 7.26%
Time spent: 36.46s
- Epoch 021, ExpID 21579
Train - Loss (one batch): 0.00280
Val - Loss, MSE, RMSE, MAE, MAPE: 0.00295, 0.00295, 0.05436, 0.03541, 9.19%
Test - Best epoch, Loss, MSE, RMSE, MAE, MAPE: 19, 0.00264, 0.00264, 0.05139, 0.03190, 7.26%
Time spent: 36.46s
- Epoch 022, ExpID 21579
Train - Loss (one batch): 0.00362
Val - Loss, MSE, RMSE, MAE, MAPE: 0.00268, 0.00268, 0.05181, 0.03162, 8.14%
Test - Best epoch, Loss, MSE, RMSE, MAE, MAPE: 22, 0.00262, 0.00262, 0.05115, 0.03171, 7.33%
Time spent: 42.82s
- Epoch 023, ExpID 21579
Train - Loss (one batch): 0.00327
Val - Loss, MSE, RMSE, MAE, MAPE: 0.00268, 0.00268, 0.05177, 0.03151, 8.07%
Test - Best epoch, Loss, MSE, RMSE, MAE, MAPE: 23, 0.00260, 0.00260, 0.05103, 0.03150, 7.24%
Time spent: 42.81s
- Epoch 024, ExpID 21579
Train - Loss (one batch): 0.00314
Val - Loss, MSE, RMSE, MAE, MAPE: 0.00268, 0.00268, 0.05175, 0.03119, 8.04%
Test - Best epoch, Loss, MSE, RMSE, MAE, MAPE: 24, 0.00260, 0.00260, 0.05101, 0.03121, 7.15%
Time spent: 42.83s
- Epoch 025, ExpID 21579
Train - Loss (one batch): 0.00229
Val - Loss, MSE, RMSE, MAE, MAPE: 0.00269, 0.00269, 0.05185, 0.03192, 8.10%
Test - Best epoch, Loss, MSE, RMSE, MAE, MAPE: 24, 0.00260, 0.00260, 0.05101, 0.03121, 7.15%
Time spent: 36.45s
- Epoch 026, ExpID 21579
Train - Loss (one batch): 0.00207
Val - Loss, MSE, RMSE, MAE, MAPE: 0.00279, 0.00279, 0.05284, 0.03351, 8.65%
Test - Best epoch, Loss, MSE, RMSE, MAE, MAPE: 24, 0.00260, 0.00260, 0.05101, 0.03121, 7.15%
Time spent: 36.44s
- Epoch 027, ExpID 21579
Train - Loss (one batch): 0.00270
Val - Loss, MSE, RMSE, MAE, MAPE: 0.00266, 0.00266, 0.05158, 0.03159, 8.22%
Test - Best epoch, Loss, MSE, RMSE, MAE, MAPE: 27, 0.00259, 0.00259, 0.05087, 0.03151, 7.32%
Time spent: 42.80s
- Epoch 028, ExpID 21579
Train - Loss (one batch): 0.00206
Val - Loss, MSE, RMSE, MAE, MAPE: 0.00269, 0.00269, 0.05191, 0.03208, 8.20%
Test - Best epoch, Loss, MSE, RMSE, MAE, MAPE: 27, 0.00259, 0.00259, 0.05087, 0.03151, 7.32%
Time spent: 36.44s
- Epoch 029, ExpID 21579
Train - Loss (one batch): 0.00270
Val - Loss, MSE, RMSE, MAE, MAPE: 0.00264, 0.00264, 0.05139, 0.03135, 8.06%
Test - Best epoch, Loss, MSE, RMSE, MAE, MAPE: 29, 0.00256, 0.00256, 0.05063, 0.03130, 7.26%
Time spent: 42.83s
- Epoch 030, ExpID 21579
Train - Loss (one batch): 0.00259
Val - Loss, MSE, RMSE, MAE, MAPE: 0.00266, 0.00266, 0.05161, 0.03148, 8.13%
Test - Best epoch, Loss, MSE, RMSE, MAE, MAPE: 29, 0.00256, 0.00256, 0.05063, 0.03130, 7.26%
Time spent: 36.44s
- Epoch 031, ExpID 21579
Train - Loss (one batch): 0.00243
Val - Loss, MSE, RMSE, MAE, MAPE: 0.00269, 0.00269, 0.05185, 0.03213, 8.55%
Test - Best epoch, Loss, MSE, RMSE, MAE, MAPE: 29, 0.00256, 0.00256, 0.05063, 0.03130, 7.26%
Time spent: 36.44s
- Epoch 032, ExpID 21579
Train - Loss (one batch): 0.00140
Val - Loss, MSE, RMSE, MAE, MAPE: 0.00263, 0.00263, 0.05125, 0.03100, 8.03%
Test - Best epoch, Loss, MSE, RMSE, MAE, MAPE: 32, 0.00255, 0.00255, 0.05053, 0.03108, 7.20%
Time spent: 42.81s
- Epoch 033, ExpID 21579
Train - Loss (one batch): 0.00166
Val - Loss, MSE, RMSE, MAE, MAPE: 0.00272, 0.00272, 0.05211, 0.03223, 8.06%
Test - Best epoch, Loss, MSE, RMSE, MAE, MAPE: 32, 0.00255, 0.00255, 0.05053, 0.03108, 7.20%
Time spent: 36.46s
- Epoch 034, ExpID 21579
Train - Loss (one batch): 0.00281
Val - Loss, MSE, RMSE, MAE, MAPE: 0.00264, 0.00264, 0.05142, 0.03165, 8.31%
Test - Best epoch, Loss, MSE, RMSE, MAE, MAPE: 32, 0.00255, 0.00255, 0.05053, 0.03108, 7.20%
Time spent: 36.46s
- Epoch 035, ExpID 21579
Train - Loss (one batch): 0.00148
Val - Loss, MSE, RMSE, MAE, MAPE: 0.00262, 0.00262, 0.05121, 0.03122, 8.05%
Test - Best epoch, Loss, MSE, RMSE, MAE, MAPE: 35, 0.00257, 0.00257, 0.05069, 0.03124, 7.18%
Time spent: 42.82s
- Epoch 036, ExpID 21579
Train - Loss (one batch): 0.00235
Val - Loss, MSE, RMSE, MAE, MAPE: 0.00268, 0.00268, 0.05174, 0.03160, 8.28%
Test - Best epoch, Loss, MSE, RMSE, MAE, MAPE: 35, 0.00257, 0.00257, 0.05069, 0.03124, 7.18%
Time spent: 36.43s
- Epoch 037, ExpID 21579
Train - Loss (one batch): 0.00230
Val - Loss, MSE, RMSE, MAE, MAPE: 0.00267, 0.00267, 0.05170, 0.03174, 8.38%
Test - Best epoch, Loss, MSE, RMSE, MAE, MAPE: 35, 0.00257, 0.00257, 0.05069, 0.03124, 7.18%
Time spent: 36.45s
- Epoch 038, ExpID 21579
Train - Loss (one batch): 0.00317
Val - Loss, MSE, RMSE, MAE, MAPE: 0.00271, 0.00271, 0.05209, 0.03248, 8.20%
Test - Best epoch, Loss, MSE, RMSE, MAE, MAPE: 35, 0.00257, 0.00257, 0.05069, 0.03124, 7.18%
Time spent: 36.45s
- Epoch 039, ExpID 21579
Train - Loss (one batch): 0.00164
Val - Loss, MSE, RMSE, MAE, MAPE: 0.00269, 0.00269, 0.05184, 0.03224, 8.13%
Test - Best epoch, Loss, MSE, RMSE, MAE, MAPE: 35, 0.00257, 0.00257, 0.05069, 0.03124, 7.18%
Time spent: 36.45s
- Epoch 040, ExpID 21579
Train - Loss (one batch): 0.00321
Val - Loss, MSE, RMSE, MAE, MAPE: 0.00266, 0.00266, 0.05157, 0.03149, 8.18%
Test - Best epoch, Loss, MSE, RMSE, MAE, MAPE: 35, 0.00257, 0.00257, 0.05069, 0.03124, 7.18%
Time spent: 36.45s
- Epoch 041, ExpID 21579
Train - Loss (one batch): 0.00216
Val - Loss, MSE, RMSE, MAE, MAPE: 0.00265, 0.00265, 0.05147, 0.03175, 8.13%
Test - Best epoch, Loss, MSE, RMSE, MAE, MAPE: 35, 0.00257, 0.00257, 0.05069, 0.03124, 7.18%
Time spent: 36.46s
- Epoch 042, ExpID 21579
Train - Loss (one batch): 0.00228
Val - Loss, MSE, RMSE, MAE, MAPE: 0.00266, 0.00266, 0.05157, 0.03148, 8.11%
Test - Best epoch, Loss, MSE, RMSE, MAE, MAPE: 35, 0.00257, 0.00257, 0.05069, 0.03124, 7.18%
Time spent: 36.47s
- Epoch 043, ExpID 21579
Train - Loss (one batch): 0.00215
Val - Loss, MSE, RMSE, MAE, MAPE: 0.00265, 0.00265, 0.05148, 0.03147, 8.08%
Test - Best epoch, Loss, MSE, RMSE, MAE, MAPE: 35, 0.00257, 0.00257, 0.05069, 0.03124, 7.18%
Time spent: 36.46s
- Epoch 044, ExpID 21579
Train - Loss (one batch): 0.00199
Val - Loss, MSE, RMSE, MAE, MAPE: 0.00272, 0.00272, 0.05217, 0.03278, 8.80%
Test - Best epoch, Loss, MSE, RMSE, MAE, MAPE: 35, 0.00257, 0.00257, 0.05069, 0.03124, 7.18%
Time spent: 36.46s
- Epoch 045, ExpID 21579
Train - Loss (one batch): 0.00207
Val - Loss, MSE, RMSE, MAE, MAPE: 0.00265, 0.00265, 0.05149, 0.03145, 8.06%
Test - Best epoch, Loss, MSE, RMSE, MAE, MAPE: 35, 0.00257, 0.00257, 0.05069, 0.03124, 7.18%
Time spent: 36.44s
Avg Train Time per epoch: 30.51s
Avg Inference Time per epoch: 0.17952s
Avg Peak GPU Mem (Train): 5370.0 MB
Peak GPU Mem (Inference): 3400.1 MB
/home/taejoo/dsl_lab/Hi-Patch_taejoo/Hi-Patch/train_forecasting.py
2025-08-29 14:47:58
train_forecasting.py --dataset activity --state def --history 3000 --patience 10 --batch_size 32 --lr 1e-3 --patch_size 750 --stride 750 --nhead 1 --nlayer 3 --hid_dim 64 --seed 2 --gpu 0 --alpha 1
Namespace(state='def', n=100000000, epoch=1000, patience=10, history=3000, pred_window=1000, logmode='a', lr=0.001, w_decay=0.0, batch_size=32, load=None, seed=2, dataset='activity', quantization=0.0, model='Hi-Patch', nhead=1, nlayer=3, patch_size=750.0, stride=750.0, hid_dim=64, alpha=1.0, res=1, gpu='0', npatch=4, device=device(type='cuda', index=0), PID=1020973, ndim=12, patch_layer=3, scale_patch_size=0.1875, task='forecasting')
- Epoch 000, ExpID 97456
Train - Loss (one batch): 0.00361
Val - Loss, MSE, RMSE, MAE, MAPE: 0.00352, 0.00352, 0.05936, 0.03961, 9.63%
Test - Best epoch, Loss, MSE, RMSE, MAE, MAPE: 0, 0.00340, 0.00340, 0.05831, 0.03941, 8.62%
Time spent: 43.22s
- Epoch 001, ExpID 97456
Train - Loss (one batch): 0.00253
Val - Loss, MSE, RMSE, MAE, MAPE: 0.00316, 0.00316, 0.05618, 0.03550, 8.76%
Test - Best epoch, Loss, MSE, RMSE, MAE, MAPE: 1, 0.00303, 0.00303, 0.05501, 0.03511, 7.80%
Time spent: 42.84s
- Epoch 002, ExpID 97456
Train - Loss (one batch): 0.00188
Val - Loss, MSE, RMSE, MAE, MAPE: 0.00303, 0.00303, 0.05502, 0.03407, 8.54%
Test - Best epoch, Loss, MSE, RMSE, MAE, MAPE: 2, 0.00290, 0.00290, 0.05384, 0.03368, 7.63%
Time spent: 42.79s
- Epoch 003, ExpID 97456
Train - Loss (one batch): 0.00217
Val - Loss, MSE, RMSE, MAE, MAPE: 0.00295, 0.00295, 0.05436, 0.03358, 8.75%
Test - Best epoch, Loss, MSE, RMSE, MAE, MAPE: 3, 0.00283, 0.00283, 0.05316, 0.03329, 7.80%
Time spent: 42.80s
- Epoch 004, ExpID 97456
Train - Loss (one batch): 0.00188
Val - Loss, MSE, RMSE, MAE, MAPE: 0.00288, 0.00288, 0.05366, 0.03284, 8.48%
Test - Best epoch, Loss, MSE, RMSE, MAE, MAPE: 4, 0.00277, 0.00277, 0.05264, 0.03253, 7.59%
Time spent: 42.80s
- Epoch 005, ExpID 97456
Train - Loss (one batch): 0.00313
Val - Loss, MSE, RMSE, MAE, MAPE: 0.00284, 0.00284, 0.05325, 0.03245, 8.33%
Test - Best epoch, Loss, MSE, RMSE, MAE, MAPE: 5, 0.00275, 0.00275, 0.05241, 0.03225, 7.47%
Time spent: 42.79s
- Epoch 006, ExpID 97456
Train - Loss (one batch): 0.00162
Val - Loss, MSE, RMSE, MAE, MAPE: 0.00282, 0.00282, 0.05311, 0.03245, 8.38%
Test - Best epoch, Loss, MSE, RMSE, MAE, MAPE: 6, 0.00272, 0.00272, 0.05218, 0.03220, 7.50%
Time spent: 42.80s
- Epoch 007, ExpID 97456
Train - Loss (one batch): 0.00202
Val - Loss, MSE, RMSE, MAE, MAPE: 0.00289, 0.00289, 0.05372, 0.03388, 8.84%
Test - Best epoch, Loss, MSE, RMSE, MAE, MAPE: 6, 0.00272, 0.00272, 0.05218, 0.03220, 7.50%
Time spent: 36.43s
- Epoch 008, ExpID 97456
Train - Loss (one batch): 0.00216
Val - Loss, MSE, RMSE, MAE, MAPE: 0.00279, 0.00279, 0.05285, 0.03246, 8.21%
Test - Best epoch, Loss, MSE, RMSE, MAE, MAPE: 8, 0.00268, 0.00268, 0.05178, 0.03212, 7.30%
Time spent: 42.98s
- Epoch 009, ExpID 97456
Train - Loss (one batch): 0.00243
Val - Loss, MSE, RMSE, MAE, MAPE: 0.00287, 0.00287, 0.05357, 0.03356, 8.73%
Test - Best epoch, Loss, MSE, RMSE, MAE, MAPE: 8, 0.00268, 0.00268, 0.05178, 0.03212, 7.30%
Time spent: 36.37s
- Epoch 010, ExpID 97456
Train - Loss (one batch): 0.00286
Val - Loss, MSE, RMSE, MAE, MAPE: 0.00286, 0.00286, 0.05352, 0.03338, 8.69%
Test - Best epoch, Loss, MSE, RMSE, MAE, MAPE: 8, 0.00268, 0.00268, 0.05178, 0.03212, 7.30%
Time spent: 36.42s
- Epoch 011, ExpID 97456
Train - Loss (one batch): 0.00295
Val - Loss, MSE, RMSE, MAE, MAPE: 0.00272, 0.00272, 0.05212, 0.03159, 8.16%
Test - Best epoch, Loss, MSE, RMSE, MAE, MAPE: 11, 0.00263, 0.00263, 0.05130, 0.03149, 7.33%
Time spent: 42.79s
- Epoch 012, ExpID 97456
Train - Loss (one batch): 0.00332
Val - Loss, MSE, RMSE, MAE, MAPE: 0.00287, 0.00287, 0.05362, 0.03437, 8.51%
Test - Best epoch, Loss, MSE, RMSE, MAE, MAPE: 11, 0.00263, 0.00263, 0.05130, 0.03149, 7.33%
Time spent: 36.44s
- Epoch 013, ExpID 97456
Train - Loss (one batch): 0.00302
Val - Loss, MSE, RMSE, MAE, MAPE: 0.00276, 0.00276, 0.05254, 0.03199, 8.13%
Test - Best epoch, Loss, MSE, RMSE, MAE, MAPE: 11, 0.00263, 0.00263, 0.05130, 0.03149, 7.33%
Time spent: 36.43s
- Epoch 014, ExpID 97456
Train - Loss (one batch): 0.00319
Val - Loss, MSE, RMSE, MAE, MAPE: 0.00271, 0.00271, 0.05206, 0.03164, 8.22%
Test - Best epoch, Loss, MSE, RMSE, MAE, MAPE: 14, 0.00264, 0.00264, 0.05138, 0.03162, 7.35%
Time spent: 42.81s
- Epoch 015, ExpID 97456
Train - Loss (one batch): 0.00245
Val - Loss, MSE, RMSE, MAE, MAPE: 0.00269, 0.00269, 0.05187, 0.03150, 8.13%
Test - Best epoch, Loss, MSE, RMSE, MAE, MAPE: 15, 0.00261, 0.00261, 0.05112, 0.03144, 7.28%
Time spent: 42.80s
- Epoch 016, ExpID 97456
Train - Loss (one batch): 0.00390
Val - Loss, MSE, RMSE, MAE, MAPE: 0.00296, 0.00296, 0.05439, 0.03579, 8.67%
Test - Best epoch, Loss, MSE, RMSE, MAE, MAPE: 15, 0.00261, 0.00261, 0.05112, 0.03144, 7.28%
Time spent: 36.43s
- Epoch 017, ExpID 97456
Train - Loss (one batch): 0.00420
Val - Loss, MSE, RMSE, MAE, MAPE: 0.00270, 0.00270, 0.05197, 0.03165, 8.13%
Test - Best epoch, Loss, MSE, RMSE, MAE, MAPE: 15, 0.00261, 0.00261, 0.05112, 0.03144, 7.28%
Time spent: 36.43s
- Epoch 018, ExpID 97456
Train - Loss (one batch): 0.00227
Val - Loss, MSE, RMSE, MAE, MAPE: 0.00270, 0.00270, 0.05191, 0.03175, 8.16%
Test - Best epoch, Loss, MSE, RMSE, MAE, MAPE: 15, 0.00261, 0.00261, 0.05112, 0.03144, 7.28%
Time spent: 36.43s
- Epoch 019, ExpID 97456
Train - Loss (one batch): 0.00180
Val - Loss, MSE, RMSE, MAE, MAPE: 0.00281, 0.00281, 0.05298, 0.03372, 8.63%
Test - Best epoch, Loss, MSE, RMSE, MAE, MAPE: 15, 0.00261, 0.00261, 0.05112, 0.03144, 7.28%
Time spent: 36.38s
- Epoch 020, ExpID 97456
Train - Loss (one batch): 0.00364
Val - Loss, MSE, RMSE, MAE, MAPE: 0.00270, 0.00270, 0.05200, 0.03214, 8.28%
Test - Best epoch, Loss, MSE, RMSE, MAE, MAPE: 15, 0.00261, 0.00261, 0.05112, 0.03144, 7.28%
Time spent: 36.37s
- Epoch 021, ExpID 97456
Train - Loss (one batch): 0.00274
Val - Loss, MSE, RMSE, MAE, MAPE: 0.00274, 0.00274, 0.05231, 0.03247, 8.20%
Test - Best epoch, Loss, MSE, RMSE, MAE, MAPE: 15, 0.00261, 0.00261, 0.05112, 0.03144, 7.28%
Time spent: 36.38s
- Epoch 022, ExpID 97456
Train - Loss (one batch): 0.00346
Val - Loss, MSE, RMSE, MAE, MAPE: 0.00268, 0.00268, 0.05175, 0.03180, 8.16%
Test - Best epoch, Loss, MSE, RMSE, MAE, MAPE: 22, 0.00262, 0.00262, 0.05114, 0.03173, 7.31%
Time spent: 42.76s
- Epoch 023, ExpID 97456
Train - Loss (one batch): 0.00273
Val - Loss, MSE, RMSE, MAE, MAPE: 0.00273, 0.00273, 0.05222, 0.03297, 8.28%
Test - Best epoch, Loss, MSE, RMSE, MAE, MAPE: 22, 0.00262, 0.00262, 0.05114, 0.03173, 7.31%
Time spent: 36.41s
- Epoch 024, ExpID 97456
Train - Loss (one batch): 0.00205
Val - Loss, MSE, RMSE, MAE, MAPE: 0.00268, 0.00268, 0.05176, 0.03195, 8.08%
Test - Best epoch, Loss, MSE, RMSE, MAE, MAPE: 22, 0.00262, 0.00262, 0.05114, 0.03173, 7.31%
Time spent: 36.38s
- Epoch 025, ExpID 97456
Train - Loss (one batch): 0.00175
Val - Loss, MSE, RMSE, MAE, MAPE: 0.00266, 0.00266, 0.05157, 0.03173, 8.23%
Test - Best epoch, Loss, MSE, RMSE, MAE, MAPE: 25, 0.00261, 0.00261, 0.05106, 0.03169, 7.39%
Time spent: 42.77s
- Epoch 026, ExpID 97456
Train - Loss (one batch): 0.00194
Val - Loss, MSE, RMSE, MAE, MAPE: 0.00267, 0.00267, 0.05168, 0.03191, 8.02%
Test - Best epoch, Loss, MSE, RMSE, MAE, MAPE: 25, 0.00261, 0.00261, 0.05106, 0.03169, 7.39%
Time spent: 36.39s
- Epoch 027, ExpID 97456
Train - Loss (one batch): 0.00203
Val - Loss, MSE, RMSE, MAE, MAPE: 0.00264, 0.00264, 0.05138, 0.03123, 8.00%
Test - Best epoch, Loss, MSE, RMSE, MAE, MAPE: 27, 0.00258, 0.00258, 0.05079, 0.03124, 7.18%
Time spent: 42.77s
- Epoch 028, ExpID 97456
Train - Loss (one batch): 0.00208
Val - Loss, MSE, RMSE, MAE, MAPE: 0.00274, 0.00274, 0.05231, 0.03298, 8.26%
Test - Best epoch, Loss, MSE, RMSE, MAE, MAPE: 27, 0.00258, 0.00258, 0.05079, 0.03124, 7.18%
Time spent: 36.40s
- Epoch 029, ExpID 97456
Train - Loss (one batch): 0.00229
Val - Loss, MSE, RMSE, MAE, MAPE: 0.00273, 0.00273, 0.05226, 0.03299, 8.22%
Test - Best epoch, Loss, MSE, RMSE, MAE, MAPE: 27, 0.00258, 0.00258, 0.05079, 0.03124, 7.18%
Time spent: 36.39s
- Epoch 030, ExpID 97456
Train - Loss (one batch): 0.00274
Val - Loss, MSE, RMSE, MAE, MAPE: 0.00267, 0.00267, 0.05168, 0.03178, 8.15%
Test - Best epoch, Loss, MSE, RMSE, MAE, MAPE: 27, 0.00258, 0.00258, 0.05079, 0.03124, 7.18%
Time spent: 36.40s
- Epoch 031, ExpID 97456
Train - Loss (one batch): 0.00150
Val - Loss, MSE, RMSE, MAE, MAPE: 0.00262, 0.00262, 0.05117, 0.03110, 7.95%
Test - Best epoch, Loss, MSE, RMSE, MAE, MAPE: 31, 0.00259, 0.00259, 0.05088, 0.03114, 7.13%
Time spent: 42.78s
- Epoch 032, ExpID 97456
Train - Loss (one batch): 0.00225
Val - Loss, MSE, RMSE, MAE, MAPE: 0.00269, 0.00269, 0.05191, 0.03227, 8.09%
Test - Best epoch, Loss, MSE, RMSE, MAE, MAPE: 31, 0.00259, 0.00259, 0.05088, 0.03114, 7.13%
Time spent: 36.40s
- Epoch 033, ExpID 97456
Train - Loss (one batch): 0.00178
Val - Loss, MSE, RMSE, MAE, MAPE: 0.00266, 0.00266, 0.05161, 0.03170, 8.15%
Test - Best epoch, Loss, MSE, RMSE, MAE, MAPE: 31, 0.00259, 0.00259, 0.05088, 0.03114, 7.13%
Time spent: 36.42s
- Epoch 034, ExpID 97456
Train - Loss (one batch): 0.00172
Val - Loss, MSE, RMSE, MAE, MAPE: 0.00264, 0.00264, 0.05136, 0.03131, 8.04%
Test - Best epoch, Loss, MSE, RMSE, MAE, MAPE: 31, 0.00259, 0.00259, 0.05088, 0.03114, 7.13%
Time spent: 36.42s
- Epoch 035, ExpID 97456
Train - Loss (one batch): 0.00174
Val - Loss, MSE, RMSE, MAE, MAPE: 0.00263, 0.00263, 0.05124, 0.03110, 8.03%
Test - Best epoch, Loss, MSE, RMSE, MAE, MAPE: 31, 0.00259, 0.00259, 0.05088, 0.03114, 7.13%
Time spent: 36.39s
- Epoch 036, ExpID 97456
Train - Loss (one batch): 0.00162
Val - Loss, MSE, RMSE, MAE, MAPE: 0.00277, 0.00277, 0.05263, 0.03325, 8.11%
Test - Best epoch, Loss, MSE, RMSE, MAE, MAPE: 31, 0.00259, 0.00259, 0.05088, 0.03114, 7.13%
Time spent: 36.39s
- Epoch 037, ExpID 97456
Train - Loss (one batch): 0.00297
Val - Loss, MSE, RMSE, MAE, MAPE: 0.00263, 0.00263, 0.05131, 0.03145, 8.07%
Test - Best epoch, Loss, MSE, RMSE, MAE, MAPE: 31, 0.00259, 0.00259, 0.05088, 0.03114, 7.13%
Time spent: 36.40s
- Epoch 038, ExpID 97456
Train - Loss (one batch): 0.00177
Val - Loss, MSE, RMSE, MAE, MAPE: 0.00262, 0.00262, 0.05116, 0.03110, 8.04%
Test - Best epoch, Loss, MSE, RMSE, MAE, MAPE: 38, 0.00255, 0.00255, 0.05051, 0.03127, 7.24%
Time spent: 42.98s
- Epoch 039, ExpID 97456
Train - Loss (one batch): 0.00150
Val - Loss, MSE, RMSE, MAE, MAPE: 0.00261, 0.00261, 0.05111, 0.03080, 7.92%
Test - Best epoch, Loss, MSE, RMSE, MAE, MAPE: 39, 0.00255, 0.00255, 0.05050, 0.03091, 7.12%
Time spent: 42.82s
- Epoch 040, ExpID 97456
Train - Loss (one batch): 0.00227
Val - Loss, MSE, RMSE, MAE, MAPE: 0.00271, 0.00271, 0.05206, 0.03193, 8.01%
Test - Best epoch, Loss, MSE, RMSE, MAE, MAPE: 39, 0.00255, 0.00255, 0.05050, 0.03091, 7.12%
Time spent: 36.49s
- Epoch 041, ExpID 97456
Train - Loss (one batch): 0.00190
Val - Loss, MSE, RMSE, MAE, MAPE: 0.00260, 0.00260, 0.05100, 0.03091, 8.03%
Test - Best epoch, Loss, MSE, RMSE, MAE, MAPE: 41, 0.00255, 0.00255, 0.05052, 0.03116, 7.26%
Time spent: 42.88s
- Epoch 042, ExpID 97456
Train - Loss (one batch): 0.00256
Val - Loss, MSE, RMSE, MAE, MAPE: 0.00269, 0.00269, 0.05186, 0.03190, 8.38%
Test - Best epoch, Loss, MSE, RMSE, MAE, MAPE: 41, 0.00255, 0.00255, 0.05052, 0.03116, 7.26%
Time spent: 36.43s
- Epoch 043, ExpID 97456
Train - Loss (one batch): 0.00198
Val - Loss, MSE, RMSE, MAE, MAPE: 0.00263, 0.00263, 0.05133, 0.03096, 7.93%
Test - Best epoch, Loss, MSE, RMSE, MAE, MAPE: 41, 0.00255, 0.00255, 0.05052, 0.03116, 7.26%
Time spent: 36.46s
- Epoch 044, ExpID 97456
Train - Loss (one batch): 0.00116
Val - Loss, MSE, RMSE, MAE, MAPE: 0.00262, 0.00262, 0.05119, 0.03103, 8.03%
Test - Best epoch, Loss, MSE, RMSE, MAE, MAPE: 41, 0.00255, 0.00255, 0.05052, 0.03116, 7.26%
Time spent: 36.41s
- Epoch 045, ExpID 97456
Train - Loss (one batch): 0.00389
Val - Loss, MSE, RMSE, MAE, MAPE: 0.00266, 0.00266, 0.05159, 0.03184, 8.12%
Test - Best epoch, Loss, MSE, RMSE, MAE, MAPE: 41, 0.00255, 0.00255, 0.05052, 0.03116, 7.26%
Time spent: 36.39s
- Epoch 046, ExpID 97456
Train - Loss (one batch): 0.00214
Val - Loss, MSE, RMSE, MAE, MAPE: 0.00260, 0.00260, 0.05104, 0.03090, 7.98%
Test - Best epoch, Loss, MSE, RMSE, MAE, MAPE: 41, 0.00255, 0.00255, 0.05052, 0.03116, 7.26%
Time spent: 36.40s
- Epoch 047, ExpID 97456
Train - Loss (one batch): 0.00200
Val - Loss, MSE, RMSE, MAE, MAPE: 0.00276, 0.00276, 0.05251, 0.03344, 8.78%
Test - Best epoch, Loss, MSE, RMSE, MAE, MAPE: 41, 0.00255, 0.00255, 0.05052, 0.03116, 7.26%
Time spent: 36.41s
- Epoch 048, ExpID 97456
Train - Loss (one batch): 0.00225
Val - Loss, MSE, RMSE, MAE, MAPE: 0.00261, 0.00261, 0.05106, 0.03094, 7.96%
Test - Best epoch, Loss, MSE, RMSE, MAE, MAPE: 41, 0.00255, 0.00255, 0.05052, 0.03116, 7.26%
Time spent: 36.40s
- Epoch 049, ExpID 97456
Train - Loss (one batch): 0.00280
Val - Loss, MSE, RMSE, MAE, MAPE: 0.00267, 0.00267, 0.05170, 0.03191, 8.05%
Test - Best epoch, Loss, MSE, RMSE, MAE, MAPE: 41, 0.00255, 0.00255, 0.05052, 0.03116, 7.26%
Time spent: 36.40s
- Epoch 050, ExpID 97456
Train - Loss (one batch): 0.00177
Val - Loss, MSE, RMSE, MAE, MAPE: 0.00271, 0.00271, 0.05207, 0.03253, 8.13%
Test - Best epoch, Loss, MSE, RMSE, MAE, MAPE: 41, 0.00255, 0.00255, 0.05052, 0.03116, 7.26%
Time spent: 36.40s
- Epoch 051, ExpID 97456
Train - Loss (one batch): 0.00354
Val - Loss, MSE, RMSE, MAE, MAPE: 0.00265, 0.00265, 0.05147, 0.03167, 8.07%
Test - Best epoch, Loss, MSE, RMSE, MAE, MAPE: 41, 0.00255, 0.00255, 0.05052, 0.03116, 7.26%
Time spent: 36.41s
Avg Train Time per epoch: 30.48s
Avg Inference Time per epoch: 0.17989s
Avg Peak GPU Mem (Train): 5371.1 MB
Peak GPU Mem (Inference): 3398.6 MB
/home/taejoo/dsl_lab/Hi-Patch_taejoo/Hi-Patch/train_forecasting.py
2025-08-29 15:32:42
train_forecasting.py --dataset activity --state def --history 3000 --patience 10 --batch_size 32 --lr 1e-3 --patch_size 750 --stride 750 --nhead 1 --nlayer 3 --hid_dim 64 --seed 3 --gpu 0 --alpha 1
Namespace(state='def', n=100000000, epoch=1000, patience=10, history=3000, pred_window=1000, logmode='a', lr=0.001, w_decay=0.0, batch_size=32, load=None, seed=3, dataset='activity', quantization=0.0, model='Hi-Patch', nhead=1, nlayer=3, patch_size=750.0, stride=750.0, hid_dim=64, alpha=1.0, res=1, gpu='0', npatch=4, device=device(type='cuda', index=0), PID=1024562, ndim=12, patch_layer=3, scale_patch_size=0.1875, task='forecasting')
- Epoch 000, ExpID 71298
Train - Loss (one batch): 0.00279
Val - Loss, MSE, RMSE, MAE, MAPE: 0.00334, 0.00334, 0.05779, 0.03595, 9.21%
Test - Best epoch, Loss, MSE, RMSE, MAE, MAPE: 0, 0.00318, 0.00318, 0.05640, 0.03520, 8.06%
Time spent: 43.01s
- Epoch 001, ExpID 71298
Train - Loss (one batch): 0.00267
Val - Loss, MSE, RMSE, MAE, MAPE: 0.00310, 0.00310, 0.05566, 0.03368, 8.66%
Test - Best epoch, Loss, MSE, RMSE, MAE, MAPE: 1, 0.00297, 0.00297, 0.05452, 0.03343, 7.70%
Time spent: 42.77s
- Epoch 002, ExpID 71298
Train - Loss (one batch): 0.00420
Val - Loss, MSE, RMSE, MAE, MAPE: 0.00330, 0.00330, 0.05746, 0.03773, 9.95%
Test - Best epoch, Loss, MSE, RMSE, MAE, MAPE: 1, 0.00297, 0.00297, 0.05452, 0.03343, 7.70%
Time spent: 36.54s
- Epoch 003, ExpID 71298
Train - Loss (one batch): 0.00218
Val - Loss, MSE, RMSE, MAE, MAPE: 0.00294, 0.00294, 0.05426, 0.03301, 8.54%
Test - Best epoch, Loss, MSE, RMSE, MAE, MAPE: 3, 0.00283, 0.00283, 0.05318, 0.03271, 7.57%
Time spent: 42.96s
- Epoch 004, ExpID 71298
Train - Loss (one batch): 0.00307
Val - Loss, MSE, RMSE, MAE, MAPE: 0.00290, 0.00290, 0.05389, 0.03245, 8.43%
Test - Best epoch, Loss, MSE, RMSE, MAE, MAPE: 4, 0.00279, 0.00279, 0.05283, 0.03212, 7.45%
Time spent: 43.08s
- Epoch 005, ExpID 71298
Train - Loss (one batch): 0.00229
Val - Loss, MSE, RMSE, MAE, MAPE: 0.00293, 0.00293, 0.05416, 0.03302, 8.50%
Test - Best epoch, Loss, MSE, RMSE, MAE, MAPE: 4, 0.00279, 0.00279, 0.05283, 0.03212, 7.45%
Time spent: 36.63s
- Epoch 006, ExpID 71298
Train - Loss (one batch): 0.00242
Val - Loss, MSE, RMSE, MAE, MAPE: 0.00285, 0.00285, 0.05336, 0.03259, 8.48%
Test - Best epoch, Loss, MSE, RMSE, MAE, MAPE: 6, 0.00277, 0.00277, 0.05264, 0.03238, 7.54%
Time spent: 43.05s
- Epoch 007, ExpID 71298
Train - Loss (one batch): 0.00316
Val - Loss, MSE, RMSE, MAE, MAPE: 0.00285, 0.00285, 0.05335, 0.03238, 8.44%
Test - Best epoch, Loss, MSE, RMSE, MAE, MAPE: 7, 0.00277, 0.00277, 0.05261, 0.03235, 7.52%
Time spent: 43.03s
- Epoch 008, ExpID 71298
Train - Loss (one batch): 0.00253
Val - Loss, MSE, RMSE, MAE, MAPE: 0.00290, 0.00290, 0.05387, 0.03355, 8.34%
Test - Best epoch, Loss, MSE, RMSE, MAE, MAPE: 7, 0.00277, 0.00277, 0.05261, 0.03235, 7.52%
Time spent: 36.65s
- Epoch 009, ExpID 71298
Train - Loss (one batch): 0.00180
Val - Loss, MSE, RMSE, MAE, MAPE: 0.00302, 0.00302, 0.05498, 0.03568, 9.30%
Test - Best epoch, Loss, MSE, RMSE, MAE, MAPE: 7, 0.00277, 0.00277, 0.05261, 0.03235, 7.52%
Time spent: 36.72s
- Epoch 010, ExpID 71298
Train - Loss (one batch): 0.00226
Val - Loss, MSE, RMSE, MAE, MAPE: 0.00307, 0.00307, 0.05541, 0.03623, 8.84%
Test - Best epoch, Loss, MSE, RMSE, MAE, MAPE: 7, 0.00277, 0.00277, 0.05261, 0.03235, 7.52%
Time spent: 36.66s
- Epoch 011, ExpID 71298
Train - Loss (one batch): 0.00438
Val - Loss, MSE, RMSE, MAE, MAPE: 0.00283, 0.00283, 0.05321, 0.03320, 8.87%
Test - Best epoch, Loss, MSE, RMSE, MAE, MAPE: 11, 0.00277, 0.00277, 0.05259, 0.03294, 7.81%
Time spent: 43.10s
- Epoch 012, ExpID 71298
Train - Loss (one batch): 0.00262
Val - Loss, MSE, RMSE, MAE, MAPE: 0.00278, 0.00278, 0.05277, 0.03248, 8.23%
Test - Best epoch, Loss, MSE, RMSE, MAE, MAPE: 12, 0.00274, 0.00274, 0.05230, 0.03262, 7.38%
Time spent: 43.09s
- Epoch 013, ExpID 71298
Train - Loss (one batch): 0.00264
Val - Loss, MSE, RMSE, MAE, MAPE: 0.00276, 0.00276, 0.05250, 0.03203, 8.24%
Test - Best epoch, Loss, MSE, RMSE, MAE, MAPE: 13, 0.00272, 0.00272, 0.05212, 0.03194, 7.36%
Time spent: 43.09s
- Epoch 014, ExpID 71298
Train - Loss (one batch): 0.00231
Val - Loss, MSE, RMSE, MAE, MAPE: 0.00285, 0.00285, 0.05343, 0.03403, 8.37%
Test - Best epoch, Loss, MSE, RMSE, MAE, MAPE: 13, 0.00272, 0.00272, 0.05212, 0.03194, 7.36%
Time spent: 36.65s
- Epoch 015, ExpID 71298
Train - Loss (one batch): 0.00237
Val - Loss, MSE, RMSE, MAE, MAPE: 0.00271, 0.00271, 0.05201, 0.03137, 8.00%
Test - Best epoch, Loss, MSE, RMSE, MAE, MAPE: 15, 0.00264, 0.00264, 0.05136, 0.03131, 7.17%
Time spent: 43.04s
- Epoch 016, ExpID 71298
Train - Loss (one batch): 0.00222
Val - Loss, MSE, RMSE, MAE, MAPE: 0.00270, 0.00270, 0.05194, 0.03185, 8.27%
Test - Best epoch, Loss, MSE, RMSE, MAE, MAPE: 16, 0.00266, 0.00266, 0.05154, 0.03186, 7.48%
Time spent: 43.04s
- Epoch 017, ExpID 71298
Train - Loss (one batch): 0.00143
Val - Loss, MSE, RMSE, MAE, MAPE: 0.00267, 0.00267, 0.05166, 0.03105, 7.94%
Test - Best epoch, Loss, MSE, RMSE, MAE, MAPE: 17, 0.00264, 0.00264, 0.05141, 0.03123, 7.13%
Time spent: 43.06s
- Epoch 018, ExpID 71298
Train - Loss (one batch): 0.00283
Val - Loss, MSE, RMSE, MAE, MAPE: 0.00278, 0.00278, 0.05272, 0.03331, 8.29%
Test - Best epoch, Loss, MSE, RMSE, MAE, MAPE: 17, 0.00264, 0.00264, 0.05141, 0.03123, 7.13%
Time spent: 36.62s
- Epoch 019, ExpID 71298
Train - Loss (one batch): 0.00173
Val - Loss, MSE, RMSE, MAE, MAPE: 0.00281, 0.00281, 0.05305, 0.03354, 8.80%
Test - Best epoch, Loss, MSE, RMSE, MAE, MAPE: 17, 0.00264, 0.00264, 0.05141, 0.03123, 7.13%
Time spent: 36.64s
- Epoch 020, ExpID 71298
Train - Loss (one batch): 0.00207
Val - Loss, MSE, RMSE, MAE, MAPE: 0.00270, 0.00270, 0.05194, 0.03188, 8.20%
Test - Best epoch, Loss, MSE, RMSE, MAE, MAPE: 17, 0.00264, 0.00264, 0.05141, 0.03123, 7.13%
Time spent: 36.64s
- Epoch 021, ExpID 71298
Train - Loss (one batch): 0.00300
Val - Loss, MSE, RMSE, MAE, MAPE: 0.00268, 0.00268, 0.05177, 0.03164, 8.25%
Test - Best epoch, Loss, MSE, RMSE, MAE, MAPE: 17, 0.00264, 0.00264, 0.05141, 0.03123, 7.13%
Time spent: 36.63s
- Epoch 022, ExpID 71298
Train - Loss (one batch): 0.00221
Val - Loss, MSE, RMSE, MAE, MAPE: 0.00266, 0.00266, 0.05153, 0.03121, 8.15%
Test - Best epoch, Loss, MSE, RMSE, MAE, MAPE: 22, 0.00261, 0.00261, 0.05107, 0.03131, 7.28%
Time spent: 43.05s
- Epoch 023, ExpID 71298
Train - Loss (one batch): 0.00232
Val - Loss, MSE, RMSE, MAE, MAPE: 0.00268, 0.00268, 0.05176, 0.03167, 8.29%
Test - Best epoch, Loss, MSE, RMSE, MAE, MAPE: 22, 0.00261, 0.00261, 0.05107, 0.03131, 7.28%
Time spent: 36.62s
- Epoch 024, ExpID 71298
Train - Loss (one batch): 0.00186
Val - Loss, MSE, RMSE, MAE, MAPE: 0.00271, 0.00271, 0.05206, 0.03172, 8.05%
Test - Best epoch, Loss, MSE, RMSE, MAE, MAPE: 22, 0.00261, 0.00261, 0.05107, 0.03131, 7.28%
Time spent: 36.63s
- Epoch 025, ExpID 71298
Train - Loss (one batch): 0.00202
Val - Loss, MSE, RMSE, MAE, MAPE: 0.00267, 0.00267, 0.05164, 0.03154, 8.00%
Test - Best epoch, Loss, MSE, RMSE, MAE, MAPE: 22, 0.00261, 0.00261, 0.05107, 0.03131, 7.28%
Time spent: 36.63s
- Epoch 026, ExpID 71298
Train - Loss (one batch): 0.00281
Val - Loss, MSE, RMSE, MAE, MAPE: 0.00266, 0.00266, 0.05154, 0.03157, 8.13%
Test - Best epoch, Loss, MSE, RMSE, MAE, MAPE: 22, 0.00261, 0.00261, 0.05107, 0.03131, 7.28%
Time spent: 36.62s
- Epoch 027, ExpID 71298
Train - Loss (one batch): 0.00185
Val - Loss, MSE, RMSE, MAE, MAPE: 0.00269, 0.00269, 0.05190, 0.03194, 8.12%
Test - Best epoch, Loss, MSE, RMSE, MAE, MAPE: 22, 0.00261, 0.00261, 0.05107, 0.03131, 7.28%
Time spent: 36.62s
- Epoch 028, ExpID 71298
Train - Loss (one batch): 0.00260
Val - Loss, MSE, RMSE, MAE, MAPE: 0.00270, 0.00270, 0.05199, 0.03226, 8.15%
Test - Best epoch, Loss, MSE, RMSE, MAE, MAPE: 22, 0.00261, 0.00261, 0.05107, 0.03131, 7.28%
Time spent: 36.63s
- Epoch 029, ExpID 71298
Train - Loss (one batch): 0.00409
Val - Loss, MSE, RMSE, MAE, MAPE: 0.00270, 0.00270, 0.05193, 0.03209, 8.50%
Test - Best epoch, Loss, MSE, RMSE, MAE, MAPE: 22, 0.00261, 0.00261, 0.05107, 0.03131, 7.28%
Time spent: 36.63s
- Epoch 030, ExpID 71298
Train - Loss (one batch): 0.00263
Val - Loss, MSE, RMSE, MAE, MAPE: 0.00267, 0.00267, 0.05165, 0.03176, 8.04%
Test - Best epoch, Loss, MSE, RMSE, MAE, MAPE: 22, 0.00261, 0.00261, 0.05107, 0.03131, 7.28%
Time spent: 36.63s
- Epoch 031, ExpID 71298
Train - Loss (one batch): 0.00186
Val - Loss, MSE, RMSE, MAE, MAPE: 0.00295, 0.00295, 0.05429, 0.03566, 8.59%
Test - Best epoch, Loss, MSE, RMSE, MAE, MAPE: 22, 0.00261, 0.00261, 0.05107, 0.03131, 7.28%
Time spent: 36.63s
- Epoch 032, ExpID 71298
Train - Loss (one batch): 0.00235
Val - Loss, MSE, RMSE, MAE, MAPE: 0.00275, 0.00275, 0.05249, 0.03292, 8.50%
Test - Best epoch, Loss, MSE, RMSE, MAE, MAPE: 22, 0.00261, 0.00261, 0.05107, 0.03131, 7.28%
Time spent: 36.61s
Avg Train Time per epoch: 30.65s
Avg Inference Time per epoch: 0.18056s
Avg Peak GPU Mem (Train): 5370.1 MB
Peak GPU Mem (Inference): 3398.7 MB
/home/taejoo/dsl_lab/Hi-Patch_taejoo/Hi-Patch/train_forecasting.py
2025-08-29 15:54:17
train_forecasting.py --dataset activity --state def --history 3000 --patience 10 --batch_size 32 --lr 1e-3 --patch_size 750 --stride 750 --nhead 1 --nlayer 3 --hid_dim 64 --seed 4 --gpu 0 --alpha 1
Namespace(state='def', n=100000000, epoch=1000, patience=10, history=3000, pred_window=1000, logmode='a', lr=0.001, w_decay=0.0, batch_size=32, load=None, seed=4, dataset='activity', quantization=0.0, model='Hi-Patch', nhead=1, nlayer=3, patch_size=750.0, stride=750.0, hid_dim=64, alpha=1.0, res=1, gpu='0', npatch=4, device=device(type='cuda', index=0), PID=1025469, ndim=12, patch_layer=3, scale_patch_size=0.1875, task='forecasting')
- Epoch 000, ExpID 5731
Train - Loss (one batch): 0.00360
Val - Loss, MSE, RMSE, MAE, MAPE: 0.00494, 0.00494, 0.07027, 0.04933, 12.87%
Test - Best epoch, Loss, MSE, RMSE, MAE, MAPE: 0, 0.00473, 0.00473, 0.06875, 0.04838, 11.51%
Time spent: 43.39s
- Epoch 001, ExpID 5731
Train - Loss (one batch): 0.00377
Val - Loss, MSE, RMSE, MAE, MAPE: 0.00321, 0.00321, 0.05662, 0.03531, 9.11%
Test - Best epoch, Loss, MSE, RMSE, MAE, MAPE: 1, 0.00302, 0.00302, 0.05497, 0.03471, 8.02%
Time spent: 42.98s
- Epoch 002, ExpID 5731
Train - Loss (one batch): 0.00219
Val - Loss, MSE, RMSE, MAE, MAPE: 0.00315, 0.00315, 0.05613, 0.03512, 8.82%
Test - Best epoch, Loss, MSE, RMSE, MAE, MAPE: 2, 0.00297, 0.00297, 0.05452, 0.03455, 7.81%
Time spent: 42.98s
- Epoch 003, ExpID 5731
Train - Loss (one batch): 0.00308
Val - Loss, MSE, RMSE, MAE, MAPE: 0.00305, 0.00305, 0.05526, 0.03387, 8.79%
Test - Best epoch, Loss, MSE, RMSE, MAE, MAPE: 3, 0.00287, 0.00287, 0.05360, 0.03331, 7.74%
Time spent: 43.01s
- Epoch 004, ExpID 5731
Train - Loss (one batch): 0.00243
Val - Loss, MSE, RMSE, MAE, MAPE: 0.00306, 0.00306, 0.05533, 0.03352, 8.59%
Test - Best epoch, Loss, MSE, RMSE, MAE, MAPE: 3, 0.00287, 0.00287, 0.05360, 0.03331, 7.74%
Time spent: 36.59s
- Epoch 005, ExpID 5731
Train - Loss (one batch): 0.00317
Val - Loss, MSE, RMSE, MAE, MAPE: 0.00308, 0.00308, 0.05546, 0.03437, 8.96%
Test - Best epoch, Loss, MSE, RMSE, MAE, MAPE: 3, 0.00287, 0.00287, 0.05360, 0.03331, 7.74%
Time spent: 36.58s
- Epoch 006, ExpID 5731
Train - Loss (one batch): 0.00156
Val - Loss, MSE, RMSE, MAE, MAPE: 0.00299, 0.00299, 0.05469, 0.03331, 8.70%
Test - Best epoch, Loss, MSE, RMSE, MAE, MAPE: 6, 0.00282, 0.00282, 0.05311, 0.03300, 7.70%
Time spent: 42.98s
- Epoch 007, ExpID 5731
Train - Loss (one batch): 0.00229
Val - Loss, MSE, RMSE, MAE, MAPE: 0.00301, 0.00301, 0.05483, 0.03362, 8.63%
Test - Best epoch, Loss, MSE, RMSE, MAE, MAPE: 6, 0.00282, 0.00282, 0.05311, 0.03300, 7.70%
Time spent: 36.58s
- Epoch 008, ExpID 5731
Train - Loss (one batch): 0.00445
Val - Loss, MSE, RMSE, MAE, MAPE: 0.00298, 0.00298, 0.05455, 0.03366, 8.64%
Test - Best epoch, Loss, MSE, RMSE, MAE, MAPE: 8, 0.00282, 0.00282, 0.05309, 0.03329, 7.63%
Time spent: 42.98s
- Epoch 009, ExpID 5731
Train - Loss (one batch): 0.00293
Val - Loss, MSE, RMSE, MAE, MAPE: 0.00304, 0.00304, 0.05513, 0.03449, 8.57%
Test - Best epoch, Loss, MSE, RMSE, MAE, MAPE: 8, 0.00282, 0.00282, 0.05309, 0.03329, 7.63%
Time spent: 36.58s
- Epoch 010, ExpID 5731
Train - Loss (one batch): 0.00377
Val - Loss, MSE, RMSE, MAE, MAPE: 0.00313, 0.00313, 0.05590, 0.03652, 9.72%
Test - Best epoch, Loss, MSE, RMSE, MAE, MAPE: 8, 0.00282, 0.00282, 0.05309, 0.03329, 7.63%
Time spent: 36.57s
- Epoch 011, ExpID 5731
Train - Loss (one batch): 0.00201
Val - Loss, MSE, RMSE, MAE, MAPE: 0.00292, 0.00292, 0.05400, 0.03368, 8.45%
Test - Best epoch, Loss, MSE, RMSE, MAE, MAPE: 11, 0.00278, 0.00278, 0.05276, 0.03340, 7.53%
Time spent: 42.98s
- Epoch 012, ExpID 5731
Train - Loss (one batch): 0.00306
Val - Loss, MSE, RMSE, MAE, MAPE: 0.00296, 0.00296, 0.05443, 0.03440, 8.70%
Test - Best epoch, Loss, MSE, RMSE, MAE, MAPE: 11, 0.00278, 0.00278, 0.05276, 0.03340, 7.53%
Time spent: 36.59s
- Epoch 013, ExpID 5731
Train - Loss (one batch): 0.00240
Val - Loss, MSE, RMSE, MAE, MAPE: 0.00288, 0.00288, 0.05364, 0.03333, 8.57%
Test - Best epoch, Loss, MSE, RMSE, MAE, MAPE: 13, 0.00275, 0.00275, 0.05244, 0.03292, 7.62%
Time spent: 42.99s
- Epoch 014, ExpID 5731
Train - Loss (one batch): 0.00236
Val - Loss, MSE, RMSE, MAE, MAPE: 0.00310, 0.00310, 0.05564, 0.03641, 9.61%
Test - Best epoch, Loss, MSE, RMSE, MAE, MAPE: 13, 0.00275, 0.00275, 0.05244, 0.03292, 7.62%
Time spent: 36.57s
- Epoch 015, ExpID 5731
Train - Loss (one batch): 0.00183
Val - Loss, MSE, RMSE, MAE, MAPE: 0.00293, 0.00293, 0.05417, 0.03415, 8.45%
Test - Best epoch, Loss, MSE, RMSE, MAE, MAPE: 13, 0.00275, 0.00275, 0.05244, 0.03292, 7.62%
Time spent: 36.58s
- Epoch 016, ExpID 5731
Train - Loss (one batch): 0.00203
Val - Loss, MSE, RMSE, MAE, MAPE: 0.00295, 0.00295, 0.05431, 0.03476, 8.56%
Test - Best epoch, Loss, MSE, RMSE, MAE, MAPE: 13, 0.00275, 0.00275, 0.05244, 0.03292, 7.62%
Time spent: 36.60s
- Epoch 017, ExpID 5731
Train - Loss (one batch): 0.00176
Val - Loss, MSE, RMSE, MAE, MAPE: 0.00287, 0.00287, 0.05362, 0.03353, 8.31%
Test - Best epoch, Loss, MSE, RMSE, MAE, MAPE: 17, 0.00276, 0.00276, 0.05253, 0.03320, 7.45%
Time spent: 42.98s
- Epoch 018, ExpID 5731
Train - Loss (one batch): 0.00312
Val - Loss, MSE, RMSE, MAE, MAPE: 0.00284, 0.00284, 0.05326, 0.03362, 8.85%
Test - Best epoch, Loss, MSE, RMSE, MAE, MAPE: 18, 0.00274, 0.00274, 0.05237, 0.03326, 7.90%
Time spent: 43.05s
- Epoch 019, ExpID 5731
Train - Loss (one batch): 0.00265
Val - Loss, MSE, RMSE, MAE, MAPE: 0.00289, 0.00289, 0.05371, 0.03412, 8.47%
Test - Best epoch, Loss, MSE, RMSE, MAE, MAPE: 18, 0.00274, 0.00274, 0.05237, 0.03326, 7.90%
Time spent: 36.64s
- Epoch 020, ExpID 5731
Train - Loss (one batch): 0.00250
Val - Loss, MSE, RMSE, MAE, MAPE: 0.00285, 0.00285, 0.05340, 0.03357, 8.33%
Test - Best epoch, Loss, MSE, RMSE, MAE, MAPE: 18, 0.00274, 0.00274, 0.05237, 0.03326, 7.90%
Time spent: 36.64s
- Epoch 021, ExpID 5731
Train - Loss (one batch): 0.00153
Val - Loss, MSE, RMSE, MAE, MAPE: 0.00279, 0.00279, 0.05285, 0.03310, 8.28%
Test - Best epoch, Loss, MSE, RMSE, MAE, MAPE: 21, 0.00271, 0.00271, 0.05205, 0.03298, 7.47%
Time spent: 43.05s
- Epoch 022, ExpID 5731
Train - Loss (one batch): 0.00323
Val - Loss, MSE, RMSE, MAE, MAPE: 0.00289, 0.00289, 0.05375, 0.03464, 9.00%
Test - Best epoch, Loss, MSE, RMSE, MAE, MAPE: 21, 0.00271, 0.00271, 0.05205, 0.03298, 7.47%
Time spent: 36.63s
- Epoch 023, ExpID 5731
Train - Loss (one batch): 0.00249
Val - Loss, MSE, RMSE, MAE, MAPE: 0.00272, 0.00272, 0.05213, 0.03195, 8.19%
Test - Best epoch, Loss, MSE, RMSE, MAE, MAPE: 23, 0.00265, 0.00265, 0.05147, 0.03200, 7.40%
Time spent: 43.05s
- Epoch 024, ExpID 5731
Train - Loss (one batch): 0.00246
Val - Loss, MSE, RMSE, MAE, MAPE: 0.00281, 0.00281, 0.05296, 0.03332, 8.80%
Test - Best epoch, Loss, MSE, RMSE, MAE, MAPE: 23, 0.00265, 0.00265, 0.05147, 0.03200, 7.40%
Time spent: 36.63s
- Epoch 025, ExpID 5731
Train - Loss (one batch): 0.00227
Val - Loss, MSE, RMSE, MAE, MAPE: 0.00270, 0.00270, 0.05199, 0.03172, 8.06%
Test - Best epoch, Loss, MSE, RMSE, MAE, MAPE: 25, 0.00263, 0.00263, 0.05126, 0.03168, 7.25%
Time spent: 43.03s
- Epoch 026, ExpID 5731
Train - Loss (one batch): 0.00256
Val - Loss, MSE, RMSE, MAE, MAPE: 0.00282, 0.00282, 0.05309, 0.03386, 8.65%
Test - Best epoch, Loss, MSE, RMSE, MAE, MAPE: 25, 0.00263, 0.00263, 0.05126, 0.03168, 7.25%
Time spent: 36.64s
- Epoch 027, ExpID 5731
Train - Loss (one batch): 0.00211
Val - Loss, MSE, RMSE, MAE, MAPE: 0.00276, 0.00276, 0.05253, 0.03267, 8.22%
Test - Best epoch, Loss, MSE, RMSE, MAE, MAPE: 25, 0.00263, 0.00263, 0.05126, 0.03168, 7.25%
Time spent: 36.64s
- Epoch 028, ExpID 5731
Train - Loss (one batch): 0.00233
Val - Loss, MSE, RMSE, MAE, MAPE: 0.00284, 0.00284, 0.05333, 0.03420, 8.87%
Test - Best epoch, Loss, MSE, RMSE, MAE, MAPE: 25, 0.00263, 0.00263, 0.05126, 0.03168, 7.25%
Time spent: 36.62s
- Epoch 029, ExpID 5731
Train - Loss (one batch): 0.00191
Val - Loss, MSE, RMSE, MAE, MAPE: 0.00272, 0.00272, 0.05220, 0.03239, 8.47%
Test - Best epoch, Loss, MSE, RMSE, MAE, MAPE: 25, 0.00263, 0.00263, 0.05126, 0.03168, 7.25%
Time spent: 36.63s
- Epoch 030, ExpID 5731
Train - Loss (one batch): 0.00310
Val - Loss, MSE, RMSE, MAE, MAPE: 0.00279, 0.00279, 0.05280, 0.03358, 8.79%
Test - Best epoch, Loss, MSE, RMSE, MAE, MAPE: 25, 0.00263, 0.00263, 0.05126, 0.03168, 7.25%
Time spent: 36.62s
- Epoch 031, ExpID 5731
Train - Loss (one batch): 0.00194
Val - Loss, MSE, RMSE, MAE, MAPE: 0.00272, 0.00272, 0.05214, 0.03215, 8.24%
Test - Best epoch, Loss, MSE, RMSE, MAE, MAPE: 25, 0.00263, 0.00263, 0.05126, 0.03168, 7.25%
Time spent: 36.60s
- Epoch 032, ExpID 5731
Train - Loss (one batch): 0.00185
Val - Loss, MSE, RMSE, MAE, MAPE: 0.00272, 0.00272, 0.05220, 0.03268, 8.44%
Test - Best epoch, Loss, MSE, RMSE, MAE, MAPE: 25, 0.00263, 0.00263, 0.05126, 0.03168, 7.25%
Time spent: 36.63s
- Epoch 033, ExpID 5731
Train - Loss (one batch): 0.00199
Val - Loss, MSE, RMSE, MAE, MAPE: 0.00268, 0.00268, 0.05180, 0.03143, 8.09%
Test - Best epoch, Loss, MSE, RMSE, MAE, MAPE: 33, 0.00259, 0.00259, 0.05093, 0.03157, 7.31%
Time spent: 43.03s
- Epoch 034, ExpID 5731
Train - Loss (one batch): 0.00240
Val - Loss, MSE, RMSE, MAE, MAPE: 0.00272, 0.00272, 0.05218, 0.03260, 8.44%
Test - Best epoch, Loss, MSE, RMSE, MAE, MAPE: 33, 0.00259, 0.00259, 0.05093, 0.03157, 7.31%
Time spent: 36.63s
- Epoch 035, ExpID 5731
Train - Loss (one batch): 0.00318
Val - Loss, MSE, RMSE, MAE, MAPE: 0.00268, 0.00268, 0.05180, 0.03199, 8.17%
Test - Best epoch, Loss, MSE, RMSE, MAE, MAPE: 33, 0.00259, 0.00259, 0.05093, 0.03157, 7.31%
Time spent: 36.63s
- Epoch 036, ExpID 5731
Train - Loss (one batch): 0.00199
Val - Loss, MSE, RMSE, MAE, MAPE: 0.00280, 0.00280, 0.05292, 0.03347, 8.65%
Test - Best epoch, Loss, MSE, RMSE, MAE, MAPE: 33, 0.00259, 0.00259, 0.05093, 0.03157, 7.31%
Time spent: 36.64s
- Epoch 037, ExpID 5731
Train - Loss (one batch): 0.00180
Val - Loss, MSE, RMSE, MAE, MAPE: 0.00269, 0.00269, 0.05189, 0.03214, 8.28%
Test - Best epoch, Loss, MSE, RMSE, MAE, MAPE: 33, 0.00259, 0.00259, 0.05093, 0.03157, 7.31%
Time spent: 36.63s
- Epoch 038, ExpID 5731
Train - Loss (one batch): 0.00153
Val - Loss, MSE, RMSE, MAE, MAPE: 0.00271, 0.00271, 0.05202, 0.03192, 8.08%
Test - Best epoch, Loss, MSE, RMSE, MAE, MAPE: 33, 0.00259, 0.00259, 0.05093, 0.03157, 7.31%
Time spent: 36.63s
- Epoch 039, ExpID 5731
Train - Loss (one batch): 0.00221
Val - Loss, MSE, RMSE, MAE, MAPE: 0.00277, 0.00277, 0.05260, 0.03288, 8.16%
Test - Best epoch, Loss, MSE, RMSE, MAE, MAPE: 33, 0.00259, 0.00259, 0.05093, 0.03157, 7.31%
Time spent: 36.61s
- Epoch 040, ExpID 5731
Train - Loss (one batch): 0.00220
Val - Loss, MSE, RMSE, MAE, MAPE: 0.00268, 0.00268, 0.05176, 0.03165, 7.99%
Test - Best epoch, Loss, MSE, RMSE, MAE, MAPE: 40, 0.00260, 0.00260, 0.05096, 0.03143, 7.16%
Time spent: 43.04s
- Epoch 041, ExpID 5731
Train - Loss (one batch): 0.00222
Val - Loss, MSE, RMSE, MAE, MAPE: 0.00267, 0.00267, 0.05165, 0.03155, 8.03%
Test - Best epoch, Loss, MSE, RMSE, MAE, MAPE: 41, 0.00257, 0.00257, 0.05069, 0.03150, 7.21%
Time spent: 43.04s
- Epoch 042, ExpID 5731
Train - Loss (one batch): 0.00239
Val - Loss, MSE, RMSE, MAE, MAPE: 0.00266, 0.00266, 0.05159, 0.03169, 8.12%
Test - Best epoch, Loss, MSE, RMSE, MAE, MAPE: 42, 0.00259, 0.00259, 0.05086, 0.03157, 7.31%
Time spent: 43.03s
- Epoch 043, ExpID 5731
Train - Loss (one batch): 0.00216
Val - Loss, MSE, RMSE, MAE, MAPE: 0.00269, 0.00269, 0.05187, 0.03215, 8.26%
Test - Best epoch, Loss, MSE, RMSE, MAE, MAPE: 42, 0.00259, 0.00259, 0.05086, 0.03157, 7.31%
Time spent: 36.63s
- Epoch 044, ExpID 5731
Train - Loss (one batch): 0.00231
Val - Loss, MSE, RMSE, MAE, MAPE: 0.00267, 0.00267, 0.05172, 0.03190, 8.06%
Test - Best epoch, Loss, MSE, RMSE, MAE, MAPE: 42, 0.00259, 0.00259, 0.05086, 0.03157, 7.31%
Time spent: 36.65s
- Epoch 045, ExpID 5731
Train - Loss (one batch): 0.00215
Val - Loss, MSE, RMSE, MAE, MAPE: 0.00272, 0.00272, 0.05212, 0.03248, 8.10%
Test - Best epoch, Loss, MSE, RMSE, MAE, MAPE: 42, 0.00259, 0.00259, 0.05086, 0.03157, 7.31%
Time spent: 36.62s
- Epoch 046, ExpID 5731
Train - Loss (one batch): 0.00160
Val - Loss, MSE, RMSE, MAE, MAPE: 0.00264, 0.00264, 0.05135, 0.03150, 7.96%
Test - Best epoch, Loss, MSE, RMSE, MAE, MAPE: 46, 0.00258, 0.00258, 0.05079, 0.03158, 7.23%
Time spent: 43.03s
- Epoch 047, ExpID 5731
Train - Loss (one batch): 0.00300
Val - Loss, MSE, RMSE, MAE, MAPE: 0.00268, 0.00268, 0.05172, 0.03183, 8.15%
Test - Best epoch, Loss, MSE, RMSE, MAE, MAPE: 46, 0.00258, 0.00258, 0.05079, 0.03158, 7.23%
Time spent: 36.60s
- Epoch 048, ExpID 5731
Train - Loss (one batch): 0.00577
Val - Loss, MSE, RMSE, MAE, MAPE: 0.00270, 0.00270, 0.05197, 0.03218, 8.27%
Test - Best epoch, Loss, MSE, RMSE, MAE, MAPE: 46, 0.00258, 0.00258, 0.05079, 0.03158, 7.23%
Time spent: 36.61s
- Epoch 049, ExpID 5731
Train - Loss (one batch): 0.00257
Val - Loss, MSE, RMSE, MAE, MAPE: 0.00274, 0.00274, 0.05230, 0.03294, 8.59%
Test - Best epoch, Loss, MSE, RMSE, MAE, MAPE: 46, 0.00258, 0.00258, 0.05079, 0.03158, 7.23%
Time spent: 36.64s
- Epoch 050, ExpID 5731
Train - Loss (one batch): 0.00266
Val - Loss, MSE, RMSE, MAE, MAPE: 0.00265, 0.00265, 0.05147, 0.03156, 8.08%
Test - Best epoch, Loss, MSE, RMSE, MAE, MAPE: 46, 0.00258, 0.00258, 0.05079, 0.03158, 7.23%
Time spent: 36.64s
- Epoch 051, ExpID 5731
Train - Loss (one batch): 0.00274
Val - Loss, MSE, RMSE, MAE, MAPE: 0.00263, 0.00263, 0.05131, 0.03125, 8.01%
Test - Best epoch, Loss, MSE, RMSE, MAE, MAPE: 51, 0.00258, 0.00258, 0.05077, 0.03147, 7.29%
Time spent: 43.05s
- Epoch 052, ExpID 5731
Train - Loss (one batch): 0.00242
Val - Loss, MSE, RMSE, MAE, MAPE: 0.00267, 0.00267, 0.05170, 0.03175, 7.98%
Test - Best epoch, Loss, MSE, RMSE, MAE, MAPE: 51, 0.00258, 0.00258, 0.05077, 0.03147, 7.29%
Time spent: 36.64s
- Epoch 053, ExpID 5731
Train - Loss (one batch): 0.00294
Val - Loss, MSE, RMSE, MAE, MAPE: 0.00271, 0.00271, 0.05202, 0.03213, 8.06%
Test - Best epoch, Loss, MSE, RMSE, MAE, MAPE: 51, 0.00258, 0.00258, 0.05077, 0.03147, 7.29%
Time spent: 36.63s
- Epoch 054, ExpID 5731
Train - Loss (one batch): 0.00162
Val - Loss, MSE, RMSE, MAE, MAPE: 0.00265, 0.00265, 0.05149, 0.03173, 8.18%
Test - Best epoch, Loss, MSE, RMSE, MAE, MAPE: 51, 0.00258, 0.00258, 0.05077, 0.03147, 7.29%
Time spent: 36.63s
- Epoch 055, ExpID 5731
Train - Loss (one batch): 0.00231
Val - Loss, MSE, RMSE, MAE, MAPE: 0.00267, 0.00267, 0.05166, 0.03219, 8.33%
Test - Best epoch, Loss, MSE, RMSE, MAE, MAPE: 51, 0.00258, 0.00258, 0.05077, 0.03147, 7.29%
Time spent: 36.64s
- Epoch 056, ExpID 5731
Train - Loss (one batch): 0.00165
Val - Loss, MSE, RMSE, MAE, MAPE: 0.00275, 0.00275, 0.05240, 0.03218, 7.97%
Test - Best epoch, Loss, MSE, RMSE, MAE, MAPE: 51, 0.00258, 0.00258, 0.05077, 0.03147, 7.29%
Time spent: 36.63s
- Epoch 057, ExpID 5731
Train - Loss (one batch): 0.00354
Val - Loss, MSE, RMSE, MAE, MAPE: 0.00263, 0.00263, 0.05132, 0.03120, 7.98%
Test - Best epoch, Loss, MSE, RMSE, MAE, MAPE: 51, 0.00258, 0.00258, 0.05077, 0.03147, 7.29%
Time spent: 36.64s
- Epoch 058, ExpID 5731
Train - Loss (one batch): 0.00196
Val - Loss, MSE, RMSE, MAE, MAPE: 0.00269, 0.00269, 0.05183, 0.03220, 8.06%
Test - Best epoch, Loss, MSE, RMSE, MAE, MAPE: 51, 0.00258, 0.00258, 0.05077, 0.03147, 7.29%
Time spent: 36.63s
- Epoch 059, ExpID 5731
Train - Loss (one batch): 0.00256
Val - Loss, MSE, RMSE, MAE, MAPE: 0.00263, 0.00263, 0.05130, 0.03119, 7.96%
Test - Best epoch, Loss, MSE, RMSE, MAE, MAPE: 59, 0.00258, 0.00258, 0.05081, 0.03116, 7.20%
Time spent: 43.05s
- Epoch 060, ExpID 5731
Train - Loss (one batch): 0.00158
Val - Loss, MSE, RMSE, MAE, MAPE: 0.00268, 0.00268, 0.05175, 0.03173, 7.97%
Test - Best epoch, Loss, MSE, RMSE, MAE, MAPE: 59, 0.00258, 0.00258, 0.05081, 0.03116, 7.20%
Time spent: 36.65s
- Epoch 061, ExpID 5731
Train - Loss (one batch): 0.00229
Val - Loss, MSE, RMSE, MAE, MAPE: 0.00262, 0.00262, 0.05115, 0.03112, 7.99%
Test - Best epoch, Loss, MSE, RMSE, MAE, MAPE: 61, 0.00255, 0.00255, 0.05053, 0.03128, 7.24%
Time spent: 43.04s
- Epoch 062, ExpID 5731
Train - Loss (one batch): 0.00279
Val - Loss, MSE, RMSE, MAE, MAPE: 0.00272, 0.00272, 0.05217, 0.03223, 8.25%
Test - Best epoch, Loss, MSE, RMSE, MAE, MAPE: 61, 0.00255, 0.00255, 0.05053, 0.03128, 7.24%
Time spent: 36.63s
- Epoch 063, ExpID 5731
Train - Loss (one batch): 0.00314
Val - Loss, MSE, RMSE, MAE, MAPE: 0.00282, 0.00282, 0.05306, 0.03408, 8.87%
Test - Best epoch, Loss, MSE, RMSE, MAE, MAPE: 61, 0.00255, 0.00255, 0.05053, 0.03128, 7.24%
Time spent: 36.65s
- Epoch 064, ExpID 5731
Train - Loss (one batch): 0.00250
Val - Loss, MSE, RMSE, MAE, MAPE: 0.00269, 0.00269, 0.05190, 0.03232, 8.28%
Test - Best epoch, Loss, MSE, RMSE, MAE, MAPE: 61, 0.00255, 0.00255, 0.05053, 0.03128, 7.24%
Time spent: 36.63s
- Epoch 065, ExpID 5731
Train - Loss (one batch): 0.00180
Val - Loss, MSE, RMSE, MAE, MAPE: 0.00269, 0.00269, 0.05189, 0.03190, 8.02%
Test - Best epoch, Loss, MSE, RMSE, MAE, MAPE: 61, 0.00255, 0.00255, 0.05053, 0.03128, 7.24%
Time spent: 36.61s
- Epoch 066, ExpID 5731
Train - Loss (one batch): 0.00213
Val - Loss, MSE, RMSE, MAE, MAPE: 0.00266, 0.00266, 0.05162, 0.03161, 8.07%
Test - Best epoch, Loss, MSE, RMSE, MAE, MAPE: 61, 0.00255, 0.00255, 0.05053, 0.03128, 7.24%
Time spent: 36.61s
- Epoch 067, ExpID 5731
Train - Loss (one batch): 0.00224
Val - Loss, MSE, RMSE, MAE, MAPE: 0.00276, 0.00276, 0.05250, 0.03264, 8.12%
Test - Best epoch, Loss, MSE, RMSE, MAE, MAPE: 61, 0.00255, 0.00255, 0.05053, 0.03128, 7.24%
Time spent: 36.62s
- Epoch 068, ExpID 5731
Train - Loss (one batch): 0.00283
Val - Loss, MSE, RMSE, MAE, MAPE: 0.00268, 0.00268, 0.05174, 0.03170, 8.15%
Test - Best epoch, Loss, MSE, RMSE, MAE, MAPE: 61, 0.00255, 0.00255, 0.05053, 0.03128, 7.24%
Time spent: 36.63s
- Epoch 069, ExpID 5731
Train - Loss (one batch): 0.00236
Val - Loss, MSE, RMSE, MAE, MAPE: 0.00269, 0.00269, 0.05190, 0.03172, 8.06%
Test - Best epoch, Loss, MSE, RMSE, MAE, MAPE: 61, 0.00255, 0.00255, 0.05053, 0.03128, 7.24%
Time spent: 36.63s
- Epoch 070, ExpID 5731
Train - Loss (one batch): 0.00155
Val - Loss, MSE, RMSE, MAE, MAPE: 0.00266, 0.00266, 0.05156, 0.03134, 8.01%
Test - Best epoch, Loss, MSE, RMSE, MAE, MAPE: 61, 0.00255, 0.00255, 0.05053, 0.03128, 7.24%
Time spent: 36.63s
- Epoch 071, ExpID 5731
Train - Loss (one batch): 0.00162
Val - Loss, MSE, RMSE, MAE, MAPE: 0.00274, 0.00274, 0.05236, 0.03233, 8.02%
Test - Best epoch, Loss, MSE, RMSE, MAE, MAPE: 61, 0.00255, 0.00255, 0.05053, 0.03128, 7.24%
Time spent: 36.64s
Avg Train Time per epoch: 30.65s
Avg Inference Time per epoch: 0.18047s
Avg Peak GPU Mem (Train): 5368.0 MB
Peak GPU Mem (Inference): 3398.7 MB
